The system is: Linux - 5.0.0-27-generic - x86_64
Compiling the C compiler identification source file "CMakeCCompilerId.c" succeeded.
Compiler: /usr/bin/gcc 
Build flags: 
Id flags:  

The output was:
0


Compilation of the C compiler identification source "CMakeCCompilerId.c" produced "a.out"

The C compiler identification is GNU, found in "/home/tangss/tmp/misc/linux/c/ipc/bus/json/build/CMakeFiles/3.10.2/CompilerIdC/a.out"

Determining if the C compiler works passed with the following output:
Change Dir: /home/tangss/tmp/misc/linux/c/ipc/bus/json/build/CMakeFiles/CMakeTmp

Run Build Command:"/usr/bin/make" "cmTC_ba4ca/fast"
/usr/bin/make -f CMakeFiles/cmTC_ba4ca.dir/build.make CMakeFiles/cmTC_ba4ca.dir/build
make[1]: Entering directory '/home/tangss/tmp/misc/linux/c/ipc/bus/json/build/CMakeFiles/CMakeTmp'
Building C object CMakeFiles/cmTC_ba4ca.dir/testCCompiler.c.o
/usr/bin/gcc    -o CMakeFiles/cmTC_ba4ca.dir/testCCompiler.c.o   -c /home/tangss/tmp/misc/linux/c/ipc/bus/json/build/CMakeFiles/CMakeTmp/testCCompiler.c
Linking C executable cmTC_ba4ca
/usr/bin/cmake -E cmake_link_script CMakeFiles/cmTC_ba4ca.dir/link.txt --verbose=1
/usr/bin/gcc      -rdynamic CMakeFiles/cmTC_ba4ca.dir/testCCompiler.c.o  -o cmTC_ba4ca 
make[1]: Leaving directory '/home/tangss/tmp/misc/linux/c/ipc/bus/json/build/CMakeFiles/CMakeTmp'


Detecting C compiler ABI info compiled with the following output:
Change Dir: /home/tangss/tmp/misc/linux/c/ipc/bus/json/build/CMakeFiles/CMakeTmp

Run Build Command:"/usr/bin/make" "cmTC_50334/fast"
/usr/bin/make -f CMakeFiles/cmTC_50334.dir/build.make CMakeFiles/cmTC_50334.dir/build
make[1]: Entering directory '/home/tangss/tmp/misc/linux/c/ipc/bus/json/build/CMakeFiles/CMakeTmp'
Building C object CMakeFiles/cmTC_50334.dir/CMakeCCompilerABI.c.o
/usr/bin/gcc    -o CMakeFiles/cmTC_50334.dir/CMakeCCompilerABI.c.o   -c /usr/share/cmake-3.10/Modules/CMakeCCompilerABI.c
Linking C executable cmTC_50334
/usr/bin/cmake -E cmake_link_script CMakeFiles/cmTC_50334.dir/link.txt --verbose=1
/usr/bin/gcc     -v -rdynamic CMakeFiles/cmTC_50334.dir/CMakeCCompilerABI.c.o  -o cmTC_50334 
Using built-in specs.
COLLECT_GCC=/usr/bin/gcc
COLLECT_LTO_WRAPPER=/usr/lib/gcc/x86_64-linux-gnu/7/lto-wrapper
OFFLOAD_TARGET_NAMES=nvptx-none
OFFLOAD_TARGET_DEFAULT=1
Target: x86_64-linux-gnu
Configured with: ../src/configure -v --with-pkgversion='Ubuntu 7.4.0-1ubuntu1~18.04.1' --with-bugurl=file:///usr/share/doc/gcc-7/README.Bugs --enable-languages=c,ada,c++,go,brig,d,fortran,objc,obj-c++ --prefix=/usr --with-gcc-major-version-only --program-suffix=-7 --program-prefix=x86_64-linux-gnu- --enable-shared --enable-linker-build-id --libexecdir=/usr/lib --without-included-gettext --enable-threads=posix --libdir=/usr/lib --enable-nls --with-sysroot=/ --enable-clocale=gnu --enable-libstdcxx-debug --enable-libstdcxx-time=yes --with-default-libstdcxx-abi=new --enable-gnu-unique-object --disable-vtable-verify --enable-libmpx --enable-plugin --enable-default-pie --with-system-zlib --with-target-system-zlib --enable-objc-gc=auto --enable-multiarch --disable-werror --with-arch-32=i686 --with-abi=m64 --with-multilib-list=m32,m64,mx32 --enable-multilib --with-tune=generic --enable-offload-targets=nvptx-none --without-cuda-driver --enable-checking=release --build=x86_64-linux-gnu --host=x86_64-linux-gnu --target=x86_64-linux-gnu
Thread model: posix
gcc version 7.4.0 (Ubuntu 7.4.0-1ubuntu1~18.04.1) 
COMPILER_PATH=/usr/lib/gcc/x86_64-linux-gnu/7/:/usr/lib/gcc/x86_64-linux-gnu/7/:/usr/lib/gcc/x86_64-linux-gnu/:/usr/lib/gcc/x86_64-linux-gnu/7/:/usr/lib/gcc/x86_64-linux-gnu/
LIBRARY_PATH=/usr/lib/gcc/x86_64-linux-gnu/7/:/usr/lib/gcc/x86_64-linux-gnu/7/../../../x86_64-linux-gnu/:/usr/lib/gcc/x86_64-linux-gnu/7/../../../../lib/:/lib/x86_64-linux-gnu/:/lib/../lib/:/usr/lib/x86_64-linux-gnu/:/usr/lib/../lib/:/usr/lib/gcc/x86_64-linux-gnu/7/../../../:/lib/:/usr/lib/
COLLECT_GCC_OPTIONS='-v' '-rdynamic' '-o' 'cmTC_50334' '-mtune=generic' '-march=x86-64'
 /usr/lib/gcc/x86_64-linux-gnu/7/collect2 -plugin /usr/lib/gcc/x86_64-linux-gnu/7/liblto_plugin.so -plugin-opt=/usr/lib/gcc/x86_64-linux-gnu/7/lto-wrapper -plugin-opt=-fresolution=/tmp/cco27Ofp.res -plugin-opt=-pass-through=-lgcc -plugin-opt=-pass-through=-lgcc_s -plugin-opt=-pass-through=-lc -plugin-opt=-pass-through=-lgcc -plugin-opt=-pass-through=-lgcc_s --sysroot=/ --build-id --eh-frame-hdr -m elf_x86_64 --hash-style=gnu --as-needed -export-dynamic -dynamic-linker /lib64/ld-linux-x86-64.so.2 -pie -z now -z relro -o cmTC_50334 /usr/lib/gcc/x86_64-linux-gnu/7/../../../x86_64-linux-gnu/Scrt1.o /usr/lib/gcc/x86_64-linux-gnu/7/../../../x86_64-linux-gnu/crti.o /usr/lib/gcc/x86_64-linux-gnu/7/crtbeginS.o -L/usr/lib/gcc/x86_64-linux-gnu/7 -L/usr/lib/gcc/x86_64-linux-gnu/7/../../../x86_64-linux-gnu -L/usr/lib/gcc/x86_64-linux-gnu/7/../../../../lib -L/lib/x86_64-linux-gnu -L/lib/../lib -L/usr/lib/x86_64-linux-gnu -L/usr/lib/../lib -L/usr/lib/gcc/x86_64-linux-gnu/7/../../.. CMakeFiles/cmTC_50334.dir/CMakeCCompilerABI.c.o -lgcc --push-state --as-needed -lgcc_s --pop-state -lc -lgcc --push-state --as-needed -lgcc_s --pop-state /usr/lib/gcc/x86_64-linux-gnu/7/crtendS.o /usr/lib/gcc/x86_64-linux-gnu/7/../../../x86_64-linux-gnu/crtn.o
COLLECT_GCC_OPTIONS='-v' '-rdynamic' '-o' 'cmTC_50334' '-mtune=generic' '-march=x86-64'
make[1]: Leaving directory '/home/tangss/tmp/misc/linux/c/ipc/bus/json/build/CMakeFiles/CMakeTmp'


Parsed C implicit link information from above output:
  link line regex: [^( *|.*[/\])(ld|CMAKE_LINK_STARTFILE-NOTFOUND|([^/\]+-)?ld|collect2)[^/\]*( |$)]
  ignore line: [Change Dir: /home/tangss/tmp/misc/linux/c/ipc/bus/json/build/CMakeFiles/CMakeTmp]
  ignore line: []
  ignore line: [Run Build Command:"/usr/bin/make" "cmTC_50334/fast"]
  ignore line: [/usr/bin/make -f CMakeFiles/cmTC_50334.dir/build.make CMakeFiles/cmTC_50334.dir/build]
  ignore line: [make[1]: Entering directory '/home/tangss/tmp/misc/linux/c/ipc/bus/json/build/CMakeFiles/CMakeTmp']
  ignore line: [Building C object CMakeFiles/cmTC_50334.dir/CMakeCCompilerABI.c.o]
  ignore line: [/usr/bin/gcc    -o CMakeFiles/cmTC_50334.dir/CMakeCCompilerABI.c.o   -c /usr/share/cmake-3.10/Modules/CMakeCCompilerABI.c]
  ignore line: [Linking C executable cmTC_50334]
  ignore line: [/usr/bin/cmake -E cmake_link_script CMakeFiles/cmTC_50334.dir/link.txt --verbose=1]
  ignore line: [/usr/bin/gcc     -v -rdynamic CMakeFiles/cmTC_50334.dir/CMakeCCompilerABI.c.o  -o cmTC_50334 ]
  ignore line: [Using built-in specs.]
  ignore line: [COLLECT_GCC=/usr/bin/gcc]
  ignore line: [COLLECT_LTO_WRAPPER=/usr/lib/gcc/x86_64-linux-gnu/7/lto-wrapper]
  ignore line: [OFFLOAD_TARGET_NAMES=nvptx-none]
  ignore line: [OFFLOAD_TARGET_DEFAULT=1]
  ignore line: [Target: x86_64-linux-gnu]
  ignore line: [Configured with: ../src/configure -v --with-pkgversion='Ubuntu 7.4.0-1ubuntu1~18.04.1' --with-bugurl=file:///usr/share/doc/gcc-7/README.Bugs --enable-languages=c,ada,c++,go,brig,d,fortran,objc,obj-c++ --prefix=/usr --with-gcc-major-version-only --program-suffix=-7 --program-prefix=x86_64-linux-gnu- --enable-shared --enable-linker-build-id --libexecdir=/usr/lib --without-included-gettext --enable-threads=posix --libdir=/usr/lib --enable-nls --with-sysroot=/ --enable-clocale=gnu --enable-libstdcxx-debug --enable-libstdcxx-time=yes --with-default-libstdcxx-abi=new --enable-gnu-unique-object --disable-vtable-verify --enable-libmpx --enable-plugin --enable-default-pie --with-system-zlib --with-target-system-zlib --enable-objc-gc=auto --enable-multiarch --disable-werror --with-arch-32=i686 --with-abi=m64 --with-multilib-list=m32,m64,mx32 --enable-multilib --with-tune=generic --enable-offload-targets=nvptx-none --without-cuda-driver --enable-checking=release --build=x86_64-linux-gnu --host=x86_64-linux-gnu --target=x86_64-linux-gnu]
  ignore line: [Thread model: posix]
  ignore line: [gcc version 7.4.0 (Ubuntu 7.4.0-1ubuntu1~18.04.1) ]
  ignore line: [COMPILER_PATH=/usr/lib/gcc/x86_64-linux-gnu/7/:/usr/lib/gcc/x86_64-linux-gnu/7/:/usr/lib/gcc/x86_64-linux-gnu/:/usr/lib/gcc/x86_64-linux-gnu/7/:/usr/lib/gcc/x86_64-linux-gnu/]
  ignore line: [LIBRARY_PATH=/usr/lib/gcc/x86_64-linux-gnu/7/:/usr/lib/gcc/x86_64-linux-gnu/7/../../../x86_64-linux-gnu/:/usr/lib/gcc/x86_64-linux-gnu/7/../../../../lib/:/lib/x86_64-linux-gnu/:/lib/../lib/:/usr/lib/x86_64-linux-gnu/:/usr/lib/../lib/:/usr/lib/gcc/x86_64-linux-gnu/7/../../../:/lib/:/usr/lib/]
  ignore line: [COLLECT_GCC_OPTIONS='-v' '-rdynamic' '-o' 'cmTC_50334' '-mtune=generic' '-march=x86-64']
  link line: [ /usr/lib/gcc/x86_64-linux-gnu/7/collect2 -plugin /usr/lib/gcc/x86_64-linux-gnu/7/liblto_plugin.so -plugin-opt=/usr/lib/gcc/x86_64-linux-gnu/7/lto-wrapper -plugin-opt=-fresolution=/tmp/cco27Ofp.res -plugin-opt=-pass-through=-lgcc -plugin-opt=-pass-through=-lgcc_s -plugin-opt=-pass-through=-lc -plugin-opt=-pass-through=-lgcc -plugin-opt=-pass-through=-lgcc_s --sysroot=/ --build-id --eh-frame-hdr -m elf_x86_64 --hash-style=gnu --as-needed -export-dynamic -dynamic-linker /lib64/ld-linux-x86-64.so.2 -pie -z now -z relro -o cmTC_50334 /usr/lib/gcc/x86_64-linux-gnu/7/../../../x86_64-linux-gnu/Scrt1.o /usr/lib/gcc/x86_64-linux-gnu/7/../../../x86_64-linux-gnu/crti.o /usr/lib/gcc/x86_64-linux-gnu/7/crtbeginS.o -L/usr/lib/gcc/x86_64-linux-gnu/7 -L/usr/lib/gcc/x86_64-linux-gnu/7/../../../x86_64-linux-gnu -L/usr/lib/gcc/x86_64-linux-gnu/7/../../../../lib -L/lib/x86_64-linux-gnu -L/lib/../lib -L/usr/lib/x86_64-linux-gnu -L/usr/lib/../lib -L/usr/lib/gcc/x86_64-linux-gnu/7/../../.. CMakeFiles/cmTC_50334.dir/CMakeCCompilerABI.c.o -lgcc --push-state --as-needed -lgcc_s --pop-state -lc -lgcc --push-state --as-needed -lgcc_s --pop-state /usr/lib/gcc/x86_64-linux-gnu/7/crtendS.o /usr/lib/gcc/x86_64-linux-gnu/7/../../../x86_64-linux-gnu/crtn.o]
    arg [/usr/lib/gcc/x86_64-linux-gnu/7/collect2] ==> ignore
    arg [-plugin] ==> ignore
    arg [/usr/lib/gcc/x86_64-linux-gnu/7/liblto_plugin.so] ==> ignore
    arg [-plugin-opt=/usr/lib/gcc/x86_64-linux-gnu/7/lto-wrapper] ==> ignore
    arg [-plugin-opt=-fresolution=/tmp/cco27Ofp.res] ==> ignore
    arg [-plugin-opt=-pass-through=-lgcc] ==> ignore
    arg [-plugin-opt=-pass-through=-lgcc_s] ==> ignore
    arg [-plugin-opt=-pass-through=-lc] ==> ignore
    arg [-plugin-opt=-pass-through=-lgcc] ==> ignore
    arg [-plugin-opt=-pass-through=-lgcc_s] ==> ignore
    arg [--sysroot=/] ==> ignore
    arg [--build-id] ==> ignore
    arg [--eh-frame-hdr] ==> ignore
    arg [-m] ==> ignore
    arg [elf_x86_64] ==> ignore
    arg [--hash-style=gnu] ==> ignore
    arg [--as-needed] ==> ignore
    arg [-export-dynamic] ==> ignore
    arg [-dynamic-linker] ==> ignore
    arg [/lib64/ld-linux-x86-64.so.2] ==> ignore
    arg [-pie] ==> ignore
    arg [-znow] ==> ignore
    arg [-zrelro] ==> ignore
    arg [-o] ==> ignore
    arg [cmTC_50334] ==> ignore
    arg [/usr/lib/gcc/x86_64-linux-gnu/7/../../../x86_64-linux-gnu/Scrt1.o] ==> ignore
    arg [/usr/lib/gcc/x86_64-linux-gnu/7/../../../x86_64-linux-gnu/crti.o] ==> ignore
    arg [/usr/lib/gcc/x86_64-linux-gnu/7/crtbeginS.o] ==> ignore
    arg [-L/usr/lib/gcc/x86_64-linux-gnu/7] ==> dir [/usr/lib/gcc/x86_64-linux-gnu/7]
    arg [-L/usr/lib/gcc/x86_64-linux-gnu/7/../../../x86_64-linux-gnu] ==> dir [/usr/lib/gcc/x86_64-linux-gnu/7/../../../x86_64-linux-gnu]
    arg [-L/usr/lib/gcc/x86_64-linux-gnu/7/../../../../lib] ==> dir [/usr/lib/gcc/x86_64-linux-gnu/7/../../../../lib]
    arg [-L/lib/x86_64-linux-gnu] ==> dir [/lib/x86_64-linux-gnu]
    arg [-L/lib/../lib] ==> dir [/lib/../lib]
    arg [-L/usr/lib/x86_64-linux-gnu] ==> dir [/usr/lib/x86_64-linux-gnu]
    arg [-L/usr/lib/../lib] ==> dir [/usr/lib/../lib]
    arg [-L/usr/lib/gcc/x86_64-linux-gnu/7/../../..] ==> dir [/usr/lib/gcc/x86_64-linux-gnu/7/../../..]
    arg [CMakeFiles/cmTC_50334.dir/CMakeCCompilerABI.c.o] ==> ignore
    arg [-lgcc] ==> lib [gcc]
    arg [--push-state] ==> ignore
    arg [--as-needed] ==> ignore
    arg [-lgcc_s] ==> lib [gcc_s]
    arg [--pop-state] ==> ignore
    arg [-lc] ==> lib [c]
    arg [-lgcc] ==> lib [gcc]
    arg [--push-state] ==> ignore
    arg [--as-needed] ==> ignore
    arg [-lgcc_s] ==> lib [gcc_s]
    arg [--pop-state] ==> ignore
    arg [/usr/lib/gcc/x86_64-linux-gnu/7/crtendS.o] ==> ignore
    arg [/usr/lib/gcc/x86_64-linux-gnu/7/../../../x86_64-linux-gnu/crtn.o] ==> ignore
  collapse library dir [/usr/lib/gcc/x86_64-linux-gnu/7] ==> [/usr/lib/gcc/x86_64-linux-gnu/7]
  collapse library dir [/usr/lib/gcc/x86_64-linux-gnu/7/../../../x86_64-linux-gnu] ==> [/usr/lib/x86_64-linux-gnu]
  collapse library dir [/usr/lib/gcc/x86_64-linux-gnu/7/../../../../lib] ==> [/usr/lib]
  collapse library dir [/lib/x86_64-linux-gnu] ==> [/lib/x86_64-linux-gnu]
  collapse library dir [/lib/../lib] ==> [/lib]
  collapse library dir [/usr/lib/x86_64-linux-gnu] ==> [/usr/lib/x86_64-linux-gnu]
  collapse library dir [/usr/lib/../lib] ==> [/usr/lib]
  collapse library dir [/usr/lib/gcc/x86_64-linux-gnu/7/../../..] ==> [/usr/lib]
  implicit libs: [gcc;gcc_s;c;gcc;gcc_s]
  implicit dirs: [/usr/lib/gcc/x86_64-linux-gnu/7;/usr/lib/x86_64-linux-gnu;/usr/lib;/lib/x86_64-linux-gnu;/lib]
  implicit fwks: []




Detecting C [-std=c11] compiler features compiled with the following output:
Change Dir: /home/tangss/tmp/misc/linux/c/ipc/bus/json/build/CMakeFiles/CMakeTmp

Run Build Command:"/usr/bin/make" "cmTC_e19d2/fast"
/usr/bin/make -f CMakeFiles/cmTC_e19d2.dir/build.make CMakeFiles/cmTC_e19d2.dir/build
make[1]: Entering directory '/home/tangss/tmp/misc/linux/c/ipc/bus/json/build/CMakeFiles/CMakeTmp'
Building C object CMakeFiles/cmTC_e19d2.dir/feature_tests.c.o
/usr/bin/gcc   -std=c11 -o CMakeFiles/cmTC_e19d2.dir/feature_tests.c.o   -c /home/tangss/tmp/misc/linux/c/ipc/bus/json/build/CMakeFiles/feature_tests.c
Linking C executable cmTC_e19d2
/usr/bin/cmake -E cmake_link_script CMakeFiles/cmTC_e19d2.dir/link.txt --verbose=1
/usr/bin/gcc      -rdynamic CMakeFiles/cmTC_e19d2.dir/feature_tests.c.o  -o cmTC_e19d2 
make[1]: Leaving directory '/home/tangss/tmp/misc/linux/c/ipc/bus/json/build/CMakeFiles/CMakeTmp'


    Feature record: C_FEATURE:1c_function_prototypes
    Feature record: C_FEATURE:1c_restrict
    Feature record: C_FEATURE:1c_static_assert
    Feature record: C_FEATURE:1c_variadic_macros


Detecting C [-std=c99] compiler features compiled with the following output:
Change Dir: /home/tangss/tmp/misc/linux/c/ipc/bus/json/build/CMakeFiles/CMakeTmp

Run Build Command:"/usr/bin/make" "cmTC_816f7/fast"
/usr/bin/make -f CMakeFiles/cmTC_816f7.dir/build.make CMakeFiles/cmTC_816f7.dir/build
make[1]: Entering directory '/home/tangss/tmp/misc/linux/c/ipc/bus/json/build/CMakeFiles/CMakeTmp'
Building C object CMakeFiles/cmTC_816f7.dir/feature_tests.c.o
/usr/bin/gcc   -std=c99 -o CMakeFiles/cmTC_816f7.dir/feature_tests.c.o   -c /home/tangss/tmp/misc/linux/c/ipc/bus/json/build/CMakeFiles/feature_tests.c
Linking C executable cmTC_816f7
/usr/bin/cmake -E cmake_link_script CMakeFiles/cmTC_816f7.dir/link.txt --verbose=1
/usr/bin/gcc      -rdynamic CMakeFiles/cmTC_816f7.dir/feature_tests.c.o  -o cmTC_816f7 
make[1]: Leaving directory '/home/tangss/tmp/misc/linux/c/ipc/bus/json/build/CMakeFiles/CMakeTmp'


    Feature record: C_FEATURE:1c_function_prototypes
    Feature record: C_FEATURE:1c_restrict
    Feature record: C_FEATURE:0c_static_assert
    Feature record: C_FEATURE:1c_variadic_macros


Detecting C [-std=c90] compiler features compiled with the following output:
Change Dir: /home/tangss/tmp/misc/linux/c/ipc/bus/json/build/CMakeFiles/CMakeTmp

Run Build Command:"/usr/bin/make" "cmTC_bf237/fast"
/usr/bin/make -f CMakeFiles/cmTC_bf237.dir/build.make CMakeFiles/cmTC_bf237.dir/build
make[1]: Entering directory '/home/tangss/tmp/misc/linux/c/ipc/bus/json/build/CMakeFiles/CMakeTmp'
Building C object CMakeFiles/cmTC_bf237.dir/feature_tests.c.o
/usr/bin/gcc   -std=c90 -o CMakeFiles/cmTC_bf237.dir/feature_tests.c.o   -c /home/tangss/tmp/misc/linux/c/ipc/bus/json/build/CMakeFiles/feature_tests.c
Linking C executable cmTC_bf237
/usr/bin/cmake -E cmake_link_script CMakeFiles/cmTC_bf237.dir/link.txt --verbose=1
/usr/bin/gcc      -rdynamic CMakeFiles/cmTC_bf237.dir/feature_tests.c.o  -o cmTC_bf237 
make[1]: Leaving directory '/home/tangss/tmp/misc/linux/c/ipc/bus/json/build/CMakeFiles/CMakeTmp'


    Feature record: C_FEATURE:1c_function_prototypes
    Feature record: C_FEATURE:0c_restrict
    Feature record: C_FEATURE:0c_static_assert
    Feature record: C_FEATURE:0c_variadic_macros
Determining if the include file fcntl.h exists passed with the following output:
Change Dir: /home/tangss/tmp/misc/linux/c/ipc/bus/json/build/CMakeFiles/CMakeTmp

Run Build Command:"/usr/bin/make" "cmTC_643f8/fast"
/usr/bin/make -f CMakeFiles/cmTC_643f8.dir/build.make CMakeFiles/cmTC_643f8.dir/build
make[1]: Entering directory '/home/tangss/tmp/misc/linux/c/ipc/bus/json/build/CMakeFiles/CMakeTmp'
Building C object CMakeFiles/cmTC_643f8.dir/CheckIncludeFile.c.o
/usr/bin/gcc -D_GNU_SOURCE   -o CMakeFiles/cmTC_643f8.dir/CheckIncludeFile.c.o   -c /home/tangss/tmp/misc/linux/c/ipc/bus/json/build/CMakeFiles/CMakeTmp/CheckIncludeFile.c
Linking C executable cmTC_643f8
/usr/bin/cmake -E cmake_link_script CMakeFiles/cmTC_643f8.dir/link.txt --verbose=1
/usr/bin/gcc      -rdynamic CMakeFiles/cmTC_643f8.dir/CheckIncludeFile.c.o  -o cmTC_643f8 
make[1]: Leaving directory '/home/tangss/tmp/misc/linux/c/ipc/bus/json/build/CMakeFiles/CMakeTmp'


Determining if the include file inttypes.h exists passed with the following output:
Change Dir: /home/tangss/tmp/misc/linux/c/ipc/bus/json/build/CMakeFiles/CMakeTmp

Run Build Command:"/usr/bin/make" "cmTC_0d83e/fast"
/usr/bin/make -f CMakeFiles/cmTC_0d83e.dir/build.make CMakeFiles/cmTC_0d83e.dir/build
make[1]: Entering directory '/home/tangss/tmp/misc/linux/c/ipc/bus/json/build/CMakeFiles/CMakeTmp'
Building C object CMakeFiles/cmTC_0d83e.dir/CheckIncludeFile.c.o
/usr/bin/gcc -D_GNU_SOURCE   -o CMakeFiles/cmTC_0d83e.dir/CheckIncludeFile.c.o   -c /home/tangss/tmp/misc/linux/c/ipc/bus/json/build/CMakeFiles/CMakeTmp/CheckIncludeFile.c
Linking C executable cmTC_0d83e
/usr/bin/cmake -E cmake_link_script CMakeFiles/cmTC_0d83e.dir/link.txt --verbose=1
/usr/bin/gcc      -rdynamic CMakeFiles/cmTC_0d83e.dir/CheckIncludeFile.c.o  -o cmTC_0d83e 
make[1]: Leaving directory '/home/tangss/tmp/misc/linux/c/ipc/bus/json/build/CMakeFiles/CMakeTmp'


Determining if the include file stdarg.h exists passed with the following output:
Change Dir: /home/tangss/tmp/misc/linux/c/ipc/bus/json/build/CMakeFiles/CMakeTmp

Run Build Command:"/usr/bin/make" "cmTC_5848a/fast"
/usr/bin/make -f CMakeFiles/cmTC_5848a.dir/build.make CMakeFiles/cmTC_5848a.dir/build
make[1]: Entering directory '/home/tangss/tmp/misc/linux/c/ipc/bus/json/build/CMakeFiles/CMakeTmp'
Building C object CMakeFiles/cmTC_5848a.dir/CheckIncludeFile.c.o
/usr/bin/gcc -D_GNU_SOURCE   -o CMakeFiles/cmTC_5848a.dir/CheckIncludeFile.c.o   -c /home/tangss/tmp/misc/linux/c/ipc/bus/json/build/CMakeFiles/CMakeTmp/CheckIncludeFile.c
Linking C executable cmTC_5848a
/usr/bin/cmake -E cmake_link_script CMakeFiles/cmTC_5848a.dir/link.txt --verbose=1
/usr/bin/gcc      -rdynamic CMakeFiles/cmTC_5848a.dir/CheckIncludeFile.c.o  -o cmTC_5848a 
make[1]: Leaving directory '/home/tangss/tmp/misc/linux/c/ipc/bus/json/build/CMakeFiles/CMakeTmp'


Determining if the include file strings.h exists passed with the following output:
Change Dir: /home/tangss/tmp/misc/linux/c/ipc/bus/json/build/CMakeFiles/CMakeTmp

Run Build Command:"/usr/bin/make" "cmTC_f2b61/fast"
/usr/bin/make -f CMakeFiles/cmTC_f2b61.dir/build.make CMakeFiles/cmTC_f2b61.dir/build
make[1]: Entering directory '/home/tangss/tmp/misc/linux/c/ipc/bus/json/build/CMakeFiles/CMakeTmp'
Building C object CMakeFiles/cmTC_f2b61.dir/CheckIncludeFile.c.o
/usr/bin/gcc -D_GNU_SOURCE   -o CMakeFiles/cmTC_f2b61.dir/CheckIncludeFile.c.o   -c /home/tangss/tmp/misc/linux/c/ipc/bus/json/build/CMakeFiles/CMakeTmp/CheckIncludeFile.c
Linking C executable cmTC_f2b61
/usr/bin/cmake -E cmake_link_script CMakeFiles/cmTC_f2b61.dir/link.txt --verbose=1
/usr/bin/gcc      -rdynamic CMakeFiles/cmTC_f2b61.dir/CheckIncludeFile.c.o  -o cmTC_f2b61 
make[1]: Leaving directory '/home/tangss/tmp/misc/linux/c/ipc/bus/json/build/CMakeFiles/CMakeTmp'


Determining if the include file string.h exists passed with the following output:
Change Dir: /home/tangss/tmp/misc/linux/c/ipc/bus/json/build/CMakeFiles/CMakeTmp

Run Build Command:"/usr/bin/make" "cmTC_f6b8a/fast"
/usr/bin/make -f CMakeFiles/cmTC_f6b8a.dir/build.make CMakeFiles/cmTC_f6b8a.dir/build
make[1]: Entering directory '/home/tangss/tmp/misc/linux/c/ipc/bus/json/build/CMakeFiles/CMakeTmp'
Building C object CMakeFiles/cmTC_f6b8a.dir/CheckIncludeFile.c.o
/usr/bin/gcc -D_GNU_SOURCE   -o CMakeFiles/cmTC_f6b8a.dir/CheckIncludeFile.c.o   -c /home/tangss/tmp/misc/linux/c/ipc/bus/json/build/CMakeFiles/CMakeTmp/CheckIncludeFile.c
Linking C executable cmTC_f6b8a
/usr/bin/cmake -E cmake_link_script CMakeFiles/cmTC_f6b8a.dir/link.txt --verbose=1
/usr/bin/gcc      -rdynamic CMakeFiles/cmTC_f6b8a.dir/CheckIncludeFile.c.o  -o cmTC_f6b8a 
make[1]: Leaving directory '/home/tangss/tmp/misc/linux/c/ipc/bus/json/build/CMakeFiles/CMakeTmp'


Determining if the include file syslog.h exists passed with the following output:
Change Dir: /home/tangss/tmp/misc/linux/c/ipc/bus/json/build/CMakeFiles/CMakeTmp

Run Build Command:"/usr/bin/make" "cmTC_7db1f/fast"
/usr/bin/make -f CMakeFiles/cmTC_7db1f.dir/build.make CMakeFiles/cmTC_7db1f.dir/build
make[1]: Entering directory '/home/tangss/tmp/misc/linux/c/ipc/bus/json/build/CMakeFiles/CMakeTmp'
Building C object CMakeFiles/cmTC_7db1f.dir/CheckIncludeFile.c.o
/usr/bin/gcc -D_GNU_SOURCE   -o CMakeFiles/cmTC_7db1f.dir/CheckIncludeFile.c.o   -c /home/tangss/tmp/misc/linux/c/ipc/bus/json/build/CMakeFiles/CMakeTmp/CheckIncludeFile.c
Linking C executable cmTC_7db1f
/usr/bin/cmake -E cmake_link_script CMakeFiles/cmTC_7db1f.dir/link.txt --verbose=1
/usr/bin/gcc      -rdynamic CMakeFiles/cmTC_7db1f.dir/CheckIncludeFile.c.o  -o cmTC_7db1f 
make[1]: Leaving directory '/home/tangss/tmp/misc/linux/c/ipc/bus/json/build/CMakeFiles/CMakeTmp'


Determining if files stdlib.h;stdarg.h;string.h;float.h exist passed with the following output:
Change Dir: /home/tangss/tmp/misc/linux/c/ipc/bus/json/build/CMakeFiles/CMakeTmp

Run Build Command:"/usr/bin/make" "cmTC_154b7/fast"
/usr/bin/make -f CMakeFiles/cmTC_154b7.dir/build.make CMakeFiles/cmTC_154b7.dir/build
make[1]: Entering directory '/home/tangss/tmp/misc/linux/c/ipc/bus/json/build/CMakeFiles/CMakeTmp'
Building C object CMakeFiles/cmTC_154b7.dir/CheckIncludeFiles.c.o
/usr/bin/gcc -D_GNU_SOURCE   -o CMakeFiles/cmTC_154b7.dir/CheckIncludeFiles.c.o   -c /home/tangss/tmp/misc/linux/c/ipc/bus/json/build/CMakeFiles/CMakeTmp/CheckIncludeFiles.c
Linking C executable cmTC_154b7
/usr/bin/cmake -E cmake_link_script CMakeFiles/cmTC_154b7.dir/link.txt --verbose=1
/usr/bin/gcc      -rdynamic CMakeFiles/cmTC_154b7.dir/CheckIncludeFiles.c.o  -o cmTC_154b7 
make[1]: Leaving directory '/home/tangss/tmp/misc/linux/c/ipc/bus/json/build/CMakeFiles/CMakeTmp'


Determining if the include file unistd.h exists passed with the following output:
Change Dir: /home/tangss/tmp/misc/linux/c/ipc/bus/json/build/CMakeFiles/CMakeTmp

Run Build Command:"/usr/bin/make" "cmTC_a9899/fast"
/usr/bin/make -f CMakeFiles/cmTC_a9899.dir/build.make CMakeFiles/cmTC_a9899.dir/build
make[1]: Entering directory '/home/tangss/tmp/misc/linux/c/ipc/bus/json/build/CMakeFiles/CMakeTmp'
Building C object CMakeFiles/cmTC_a9899.dir/CheckIncludeFile.c.o
/usr/bin/gcc -D_GNU_SOURCE   -o CMakeFiles/cmTC_a9899.dir/CheckIncludeFile.c.o   -c /home/tangss/tmp/misc/linux/c/ipc/bus/json/build/CMakeFiles/CMakeTmp/CheckIncludeFile.c
Linking C executable cmTC_a9899
/usr/bin/cmake -E cmake_link_script CMakeFiles/cmTC_a9899.dir/link.txt --verbose=1
/usr/bin/gcc      -rdynamic CMakeFiles/cmTC_a9899.dir/CheckIncludeFile.c.o  -o cmTC_a9899 
make[1]: Leaving directory '/home/tangss/tmp/misc/linux/c/ipc/bus/json/build/CMakeFiles/CMakeTmp'


Determining if the include file sys/types.h exists passed with the following output:
Change Dir: /home/tangss/tmp/misc/linux/c/ipc/bus/json/build/CMakeFiles/CMakeTmp

Run Build Command:"/usr/bin/make" "cmTC_c4f19/fast"
/usr/bin/make -f CMakeFiles/cmTC_c4f19.dir/build.make CMakeFiles/cmTC_c4f19.dir/build
make[1]: Entering directory '/home/tangss/tmp/misc/linux/c/ipc/bus/json/build/CMakeFiles/CMakeTmp'
Building C object CMakeFiles/cmTC_c4f19.dir/CheckIncludeFile.c.o
/usr/bin/gcc -D_GNU_SOURCE   -o CMakeFiles/cmTC_c4f19.dir/CheckIncludeFile.c.o   -c /home/tangss/tmp/misc/linux/c/ipc/bus/json/build/CMakeFiles/CMakeTmp/CheckIncludeFile.c
Linking C executable cmTC_c4f19
/usr/bin/cmake -E cmake_link_script CMakeFiles/cmTC_c4f19.dir/link.txt --verbose=1
/usr/bin/gcc      -rdynamic CMakeFiles/cmTC_c4f19.dir/CheckIncludeFile.c.o  -o cmTC_c4f19 
make[1]: Leaving directory '/home/tangss/tmp/misc/linux/c/ipc/bus/json/build/CMakeFiles/CMakeTmp'


Determining if the include file dlfcn.h exists passed with the following output:
Change Dir: /home/tangss/tmp/misc/linux/c/ipc/bus/json/build/CMakeFiles/CMakeTmp

Run Build Command:"/usr/bin/make" "cmTC_8907f/fast"
/usr/bin/make -f CMakeFiles/cmTC_8907f.dir/build.make CMakeFiles/cmTC_8907f.dir/build
make[1]: Entering directory '/home/tangss/tmp/misc/linux/c/ipc/bus/json/build/CMakeFiles/CMakeTmp'
Building C object CMakeFiles/cmTC_8907f.dir/CheckIncludeFile.c.o
/usr/bin/gcc -D_GNU_SOURCE   -o CMakeFiles/cmTC_8907f.dir/CheckIncludeFile.c.o   -c /home/tangss/tmp/misc/linux/c/ipc/bus/json/build/CMakeFiles/CMakeTmp/CheckIncludeFile.c
Linking C executable cmTC_8907f
/usr/bin/cmake -E cmake_link_script CMakeFiles/cmTC_8907f.dir/link.txt --verbose=1
/usr/bin/gcc      -rdynamic CMakeFiles/cmTC_8907f.dir/CheckIncludeFile.c.o  -o cmTC_8907f 
make[1]: Leaving directory '/home/tangss/tmp/misc/linux/c/ipc/bus/json/build/CMakeFiles/CMakeTmp'


Determining if the include file endian.h exists passed with the following output:
Change Dir: /home/tangss/tmp/misc/linux/c/ipc/bus/json/build/CMakeFiles/CMakeTmp

Run Build Command:"/usr/bin/make" "cmTC_260de/fast"
/usr/bin/make -f CMakeFiles/cmTC_260de.dir/build.make CMakeFiles/cmTC_260de.dir/build
make[1]: Entering directory '/home/tangss/tmp/misc/linux/c/ipc/bus/json/build/CMakeFiles/CMakeTmp'
Building C object CMakeFiles/cmTC_260de.dir/CheckIncludeFile.c.o
/usr/bin/gcc -D_GNU_SOURCE   -o CMakeFiles/cmTC_260de.dir/CheckIncludeFile.c.o   -c /home/tangss/tmp/misc/linux/c/ipc/bus/json/build/CMakeFiles/CMakeTmp/CheckIncludeFile.c
Linking C executable cmTC_260de
/usr/bin/cmake -E cmake_link_script CMakeFiles/cmTC_260de.dir/link.txt --verbose=1
/usr/bin/gcc      -rdynamic CMakeFiles/cmTC_260de.dir/CheckIncludeFile.c.o  -o cmTC_260de 
make[1]: Leaving directory '/home/tangss/tmp/misc/linux/c/ipc/bus/json/build/CMakeFiles/CMakeTmp'


Determining if the include file limits.h exists passed with the following output:
Change Dir: /home/tangss/tmp/misc/linux/c/ipc/bus/json/build/CMakeFiles/CMakeTmp

Run Build Command:"/usr/bin/make" "cmTC_6373a/fast"
/usr/bin/make -f CMakeFiles/cmTC_6373a.dir/build.make CMakeFiles/cmTC_6373a.dir/build
make[1]: Entering directory '/home/tangss/tmp/misc/linux/c/ipc/bus/json/build/CMakeFiles/CMakeTmp'
Building C object CMakeFiles/cmTC_6373a.dir/CheckIncludeFile.c.o
/usr/bin/gcc -D_GNU_SOURCE   -o CMakeFiles/cmTC_6373a.dir/CheckIncludeFile.c.o   -c /home/tangss/tmp/misc/linux/c/ipc/bus/json/build/CMakeFiles/CMakeTmp/CheckIncludeFile.c
Linking C executable cmTC_6373a
/usr/bin/cmake -E cmake_link_script CMakeFiles/cmTC_6373a.dir/link.txt --verbose=1
/usr/bin/gcc      -rdynamic CMakeFiles/cmTC_6373a.dir/CheckIncludeFile.c.o  -o cmTC_6373a 
make[1]: Leaving directory '/home/tangss/tmp/misc/linux/c/ipc/bus/json/build/CMakeFiles/CMakeTmp'


Determining if the include file memory.h exists passed with the following output:
Change Dir: /home/tangss/tmp/misc/linux/c/ipc/bus/json/build/CMakeFiles/CMakeTmp

Run Build Command:"/usr/bin/make" "cmTC_8cf96/fast"
/usr/bin/make -f CMakeFiles/cmTC_8cf96.dir/build.make CMakeFiles/cmTC_8cf96.dir/build
make[1]: Entering directory '/home/tangss/tmp/misc/linux/c/ipc/bus/json/build/CMakeFiles/CMakeTmp'
Building C object CMakeFiles/cmTC_8cf96.dir/CheckIncludeFile.c.o
/usr/bin/gcc -D_GNU_SOURCE   -o CMakeFiles/cmTC_8cf96.dir/CheckIncludeFile.c.o   -c /home/tangss/tmp/misc/linux/c/ipc/bus/json/build/CMakeFiles/CMakeTmp/CheckIncludeFile.c
Linking C executable cmTC_8cf96
/usr/bin/cmake -E cmake_link_script CMakeFiles/cmTC_8cf96.dir/link.txt --verbose=1
/usr/bin/gcc      -rdynamic CMakeFiles/cmTC_8cf96.dir/CheckIncludeFile.c.o  -o cmTC_8cf96 
make[1]: Leaving directory '/home/tangss/tmp/misc/linux/c/ipc/bus/json/build/CMakeFiles/CMakeTmp'


Determining if the include file stdint.h exists passed with the following output:
Change Dir: /home/tangss/tmp/misc/linux/c/ipc/bus/json/build/CMakeFiles/CMakeTmp

Run Build Command:"/usr/bin/make" "cmTC_aa078/fast"
/usr/bin/make -f CMakeFiles/cmTC_aa078.dir/build.make CMakeFiles/cmTC_aa078.dir/build
make[1]: Entering directory '/home/tangss/tmp/misc/linux/c/ipc/bus/json/build/CMakeFiles/CMakeTmp'
Building C object CMakeFiles/cmTC_aa078.dir/CheckIncludeFile.c.o
/usr/bin/gcc -D_GNU_SOURCE   -o CMakeFiles/cmTC_aa078.dir/CheckIncludeFile.c.o   -c /home/tangss/tmp/misc/linux/c/ipc/bus/json/build/CMakeFiles/CMakeTmp/CheckIncludeFile.c
Linking C executable cmTC_aa078
/usr/bin/cmake -E cmake_link_script CMakeFiles/cmTC_aa078.dir/link.txt --verbose=1
/usr/bin/gcc      -rdynamic CMakeFiles/cmTC_aa078.dir/CheckIncludeFile.c.o  -o cmTC_aa078 
make[1]: Leaving directory '/home/tangss/tmp/misc/linux/c/ipc/bus/json/build/CMakeFiles/CMakeTmp'


Determining if the include file stdlib.h exists passed with the following output:
Change Dir: /home/tangss/tmp/misc/linux/c/ipc/bus/json/build/CMakeFiles/CMakeTmp

Run Build Command:"/usr/bin/make" "cmTC_af356/fast"
/usr/bin/make -f CMakeFiles/cmTC_af356.dir/build.make CMakeFiles/cmTC_af356.dir/build
make[1]: Entering directory '/home/tangss/tmp/misc/linux/c/ipc/bus/json/build/CMakeFiles/CMakeTmp'
Building C object CMakeFiles/cmTC_af356.dir/CheckIncludeFile.c.o
/usr/bin/gcc -D_GNU_SOURCE   -o CMakeFiles/cmTC_af356.dir/CheckIncludeFile.c.o   -c /home/tangss/tmp/misc/linux/c/ipc/bus/json/build/CMakeFiles/CMakeTmp/CheckIncludeFile.c
Linking C executable cmTC_af356
/usr/bin/cmake -E cmake_link_script CMakeFiles/cmTC_af356.dir/link.txt --verbose=1
/usr/bin/gcc      -rdynamic CMakeFiles/cmTC_af356.dir/CheckIncludeFile.c.o  -o cmTC_af356 
make[1]: Leaving directory '/home/tangss/tmp/misc/linux/c/ipc/bus/json/build/CMakeFiles/CMakeTmp'


Determining if the include file sys/cdefs.h exists passed with the following output:
Change Dir: /home/tangss/tmp/misc/linux/c/ipc/bus/json/build/CMakeFiles/CMakeTmp

Run Build Command:"/usr/bin/make" "cmTC_e1d18/fast"
/usr/bin/make -f CMakeFiles/cmTC_e1d18.dir/build.make CMakeFiles/cmTC_e1d18.dir/build
make[1]: Entering directory '/home/tangss/tmp/misc/linux/c/ipc/bus/json/build/CMakeFiles/CMakeTmp'
Building C object CMakeFiles/cmTC_e1d18.dir/CheckIncludeFile.c.o
/usr/bin/gcc -D_GNU_SOURCE   -o CMakeFiles/cmTC_e1d18.dir/CheckIncludeFile.c.o   -c /home/tangss/tmp/misc/linux/c/ipc/bus/json/build/CMakeFiles/CMakeTmp/CheckIncludeFile.c
Linking C executable cmTC_e1d18
/usr/bin/cmake -E cmake_link_script CMakeFiles/cmTC_e1d18.dir/link.txt --verbose=1
/usr/bin/gcc      -rdynamic CMakeFiles/cmTC_e1d18.dir/CheckIncludeFile.c.o  -o cmTC_e1d18 
make[1]: Leaving directory '/home/tangss/tmp/misc/linux/c/ipc/bus/json/build/CMakeFiles/CMakeTmp'


Determining if the include file sys/param.h exists passed with the following output:
Change Dir: /home/tangss/tmp/misc/linux/c/ipc/bus/json/build/CMakeFiles/CMakeTmp

Run Build Command:"/usr/bin/make" "cmTC_4708a/fast"
/usr/bin/make -f CMakeFiles/cmTC_4708a.dir/build.make CMakeFiles/cmTC_4708a.dir/build
make[1]: Entering directory '/home/tangss/tmp/misc/linux/c/ipc/bus/json/build/CMakeFiles/CMakeTmp'
Building C object CMakeFiles/cmTC_4708a.dir/CheckIncludeFile.c.o
/usr/bin/gcc -D_GNU_SOURCE   -o CMakeFiles/cmTC_4708a.dir/CheckIncludeFile.c.o   -c /home/tangss/tmp/misc/linux/c/ipc/bus/json/build/CMakeFiles/CMakeTmp/CheckIncludeFile.c
Linking C executable cmTC_4708a
/usr/bin/cmake -E cmake_link_script CMakeFiles/cmTC_4708a.dir/link.txt --verbose=1
/usr/bin/gcc      -rdynamic CMakeFiles/cmTC_4708a.dir/CheckIncludeFile.c.o  -o cmTC_4708a 
make[1]: Leaving directory '/home/tangss/tmp/misc/linux/c/ipc/bus/json/build/CMakeFiles/CMakeTmp'


Determining if the include file sys/stat.h exists passed with the following output:
Change Dir: /home/tangss/tmp/misc/linux/c/ipc/bus/json/build/CMakeFiles/CMakeTmp

Run Build Command:"/usr/bin/make" "cmTC_d6dbc/fast"
/usr/bin/make -f CMakeFiles/cmTC_d6dbc.dir/build.make CMakeFiles/cmTC_d6dbc.dir/build
make[1]: Entering directory '/home/tangss/tmp/misc/linux/c/ipc/bus/json/build/CMakeFiles/CMakeTmp'
Building C object CMakeFiles/cmTC_d6dbc.dir/CheckIncludeFile.c.o
/usr/bin/gcc -D_GNU_SOURCE   -o CMakeFiles/cmTC_d6dbc.dir/CheckIncludeFile.c.o   -c /home/tangss/tmp/misc/linux/c/ipc/bus/json/build/CMakeFiles/CMakeTmp/CheckIncludeFile.c
Linking C executable cmTC_d6dbc
/usr/bin/cmake -E cmake_link_script CMakeFiles/cmTC_d6dbc.dir/link.txt --verbose=1
/usr/bin/gcc      -rdynamic CMakeFiles/cmTC_d6dbc.dir/CheckIncludeFile.c.o  -o cmTC_d6dbc 
make[1]: Leaving directory '/home/tangss/tmp/misc/linux/c/ipc/bus/json/build/CMakeFiles/CMakeTmp'


Determining if the INFINITY exist passed with the following output:
Change Dir: /home/tangss/tmp/misc/linux/c/ipc/bus/json/build/CMakeFiles/CMakeTmp

Run Build Command:"/usr/bin/make" "cmTC_be98f/fast"
/usr/bin/make -f CMakeFiles/cmTC_be98f.dir/build.make CMakeFiles/cmTC_be98f.dir/build
make[1]: Entering directory '/home/tangss/tmp/misc/linux/c/ipc/bus/json/build/CMakeFiles/CMakeTmp'
Building C object CMakeFiles/cmTC_be98f.dir/CheckSymbolExists.c.o
/usr/bin/gcc -D_GNU_SOURCE   -o CMakeFiles/cmTC_be98f.dir/CheckSymbolExists.c.o   -c /home/tangss/tmp/misc/linux/c/ipc/bus/json/build/CMakeFiles/CMakeTmp/CheckSymbolExists.c
Linking C executable cmTC_be98f
/usr/bin/cmake -E cmake_link_script CMakeFiles/cmTC_be98f.dir/link.txt --verbose=1
/usr/bin/gcc      -rdynamic CMakeFiles/cmTC_be98f.dir/CheckSymbolExists.c.o  -o cmTC_be98f -lm 
make[1]: Leaving directory '/home/tangss/tmp/misc/linux/c/ipc/bus/json/build/CMakeFiles/CMakeTmp'

File /home/tangss/tmp/misc/linux/c/ipc/bus/json/build/CMakeFiles/CMakeTmp/CheckSymbolExists.c:
/* */
#include <math.h>

int main(int argc, char** argv)
{
  (void)argv;
#ifndef INFINITY
  return ((int*)(&INFINITY))[argc];
#else
  (void)argc;
  return 0;
#endif
}

Determining if the isinf exist passed with the following output:
Change Dir: /home/tangss/tmp/misc/linux/c/ipc/bus/json/build/CMakeFiles/CMakeTmp

Run Build Command:"/usr/bin/make" "cmTC_4ae7f/fast"
/usr/bin/make -f CMakeFiles/cmTC_4ae7f.dir/build.make CMakeFiles/cmTC_4ae7f.dir/build
make[1]: Entering directory '/home/tangss/tmp/misc/linux/c/ipc/bus/json/build/CMakeFiles/CMakeTmp'
Building C object CMakeFiles/cmTC_4ae7f.dir/CheckSymbolExists.c.o
/usr/bin/gcc -D_GNU_SOURCE   -o CMakeFiles/cmTC_4ae7f.dir/CheckSymbolExists.c.o   -c /home/tangss/tmp/misc/linux/c/ipc/bus/json/build/CMakeFiles/CMakeTmp/CheckSymbolExists.c
Linking C executable cmTC_4ae7f
/usr/bin/cmake -E cmake_link_script CMakeFiles/cmTC_4ae7f.dir/link.txt --verbose=1
/usr/bin/gcc      -rdynamic CMakeFiles/cmTC_4ae7f.dir/CheckSymbolExists.c.o  -o cmTC_4ae7f -lm 
make[1]: Leaving directory '/home/tangss/tmp/misc/linux/c/ipc/bus/json/build/CMakeFiles/CMakeTmp'

File /home/tangss/tmp/misc/linux/c/ipc/bus/json/build/CMakeFiles/CMakeTmp/CheckSymbolExists.c:
/* */
#include <math.h>

int main(int argc, char** argv)
{
  (void)argv;
#ifndef isinf
  return ((int*)(&isinf))[argc];
#else
  (void)argc;
  return 0;
#endif
}

Determining if the isnan exist passed with the following output:
Change Dir: /home/tangss/tmp/misc/linux/c/ipc/bus/json/build/CMakeFiles/CMakeTmp

Run Build Command:"/usr/bin/make" "cmTC_676eb/fast"
/usr/bin/make -f CMakeFiles/cmTC_676eb.dir/build.make CMakeFiles/cmTC_676eb.dir/build
make[1]: Entering directory '/home/tangss/tmp/misc/linux/c/ipc/bus/json/build/CMakeFiles/CMakeTmp'
Building C object CMakeFiles/cmTC_676eb.dir/CheckSymbolExists.c.o
/usr/bin/gcc -D_GNU_SOURCE   -o CMakeFiles/cmTC_676eb.dir/CheckSymbolExists.c.o   -c /home/tangss/tmp/misc/linux/c/ipc/bus/json/build/CMakeFiles/CMakeTmp/CheckSymbolExists.c
Linking C executable cmTC_676eb
/usr/bin/cmake -E cmake_link_script CMakeFiles/cmTC_676eb.dir/link.txt --verbose=1
/usr/bin/gcc      -rdynamic CMakeFiles/cmTC_676eb.dir/CheckSymbolExists.c.o  -o cmTC_676eb -lm 
make[1]: Leaving directory '/home/tangss/tmp/misc/linux/c/ipc/bus/json/build/CMakeFiles/CMakeTmp'

File /home/tangss/tmp/misc/linux/c/ipc/bus/json/build/CMakeFiles/CMakeTmp/CheckSymbolExists.c:
/* */
#include <math.h>

int main(int argc, char** argv)
{
  (void)argv;
#ifndef isnan
  return ((int*)(&isnan))[argc];
#else
  (void)argc;
  return 0;
#endif
}

Determining if the nan exist passed with the following output:
Change Dir: /home/tangss/tmp/misc/linux/c/ipc/bus/json/build/CMakeFiles/CMakeTmp

Run Build Command:"/usr/bin/make" "cmTC_1d08b/fast"
/usr/bin/make -f CMakeFiles/cmTC_1d08b.dir/build.make CMakeFiles/cmTC_1d08b.dir/build
make[1]: Entering directory '/home/tangss/tmp/misc/linux/c/ipc/bus/json/build/CMakeFiles/CMakeTmp'
Building C object CMakeFiles/cmTC_1d08b.dir/CheckSymbolExists.c.o
/usr/bin/gcc -D_GNU_SOURCE   -o CMakeFiles/cmTC_1d08b.dir/CheckSymbolExists.c.o   -c /home/tangss/tmp/misc/linux/c/ipc/bus/json/build/CMakeFiles/CMakeTmp/CheckSymbolExists.c
Linking C executable cmTC_1d08b
/usr/bin/cmake -E cmake_link_script CMakeFiles/cmTC_1d08b.dir/link.txt --verbose=1
/usr/bin/gcc      -rdynamic CMakeFiles/cmTC_1d08b.dir/CheckSymbolExists.c.o  -o cmTC_1d08b -lm 
make[1]: Leaving directory '/home/tangss/tmp/misc/linux/c/ipc/bus/json/build/CMakeFiles/CMakeTmp'

File /home/tangss/tmp/misc/linux/c/ipc/bus/json/build/CMakeFiles/CMakeTmp/CheckSymbolExists.c:
/* */
#include <math.h>

int main(int argc, char** argv)
{
  (void)argv;
#ifndef nan
  return ((int*)(&nan))[argc];
#else
  (void)argc;
  return 0;
#endif
}

Determining if the snprintf exist passed with the following output:
Change Dir: /home/tangss/tmp/misc/linux/c/ipc/bus/json/build/CMakeFiles/CMakeTmp

Run Build Command:"/usr/bin/make" "cmTC_91c38/fast"
/usr/bin/make -f CMakeFiles/cmTC_91c38.dir/build.make CMakeFiles/cmTC_91c38.dir/build
make[1]: Entering directory '/home/tangss/tmp/misc/linux/c/ipc/bus/json/build/CMakeFiles/CMakeTmp'
Building C object CMakeFiles/cmTC_91c38.dir/CheckSymbolExists.c.o
/usr/bin/gcc -D_GNU_SOURCE   -o CMakeFiles/cmTC_91c38.dir/CheckSymbolExists.c.o   -c /home/tangss/tmp/misc/linux/c/ipc/bus/json/build/CMakeFiles/CMakeTmp/CheckSymbolExists.c
Linking C executable cmTC_91c38
/usr/bin/cmake -E cmake_link_script CMakeFiles/cmTC_91c38.dir/link.txt --verbose=1
/usr/bin/gcc      -rdynamic CMakeFiles/cmTC_91c38.dir/CheckSymbolExists.c.o  -o cmTC_91c38 -lm 
make[1]: Leaving directory '/home/tangss/tmp/misc/linux/c/ipc/bus/json/build/CMakeFiles/CMakeTmp'

File /home/tangss/tmp/misc/linux/c/ipc/bus/json/build/CMakeFiles/CMakeTmp/CheckSymbolExists.c:
/* */
#include <stdio.h>

int main(int argc, char** argv)
{
  (void)argv;
#ifndef snprintf
  return ((int*)(&snprintf))[argc];
#else
  (void)argc;
  return 0;
#endif
}

Determining if the vasprintf exist passed with the following output:
Change Dir: /home/tangss/tmp/misc/linux/c/ipc/bus/json/build/CMakeFiles/CMakeTmp

Run Build Command:"/usr/bin/make" "cmTC_e380b/fast"
/usr/bin/make -f CMakeFiles/cmTC_e380b.dir/build.make CMakeFiles/cmTC_e380b.dir/build
make[1]: Entering directory '/home/tangss/tmp/misc/linux/c/ipc/bus/json/build/CMakeFiles/CMakeTmp'
Building C object CMakeFiles/cmTC_e380b.dir/CheckSymbolExists.c.o
/usr/bin/gcc -D_GNU_SOURCE   -o CMakeFiles/cmTC_e380b.dir/CheckSymbolExists.c.o   -c /home/tangss/tmp/misc/linux/c/ipc/bus/json/build/CMakeFiles/CMakeTmp/CheckSymbolExists.c
Linking C executable cmTC_e380b
/usr/bin/cmake -E cmake_link_script CMakeFiles/cmTC_e380b.dir/link.txt --verbose=1
/usr/bin/gcc      -rdynamic CMakeFiles/cmTC_e380b.dir/CheckSymbolExists.c.o  -o cmTC_e380b -lm 
make[1]: Leaving directory '/home/tangss/tmp/misc/linux/c/ipc/bus/json/build/CMakeFiles/CMakeTmp'

File /home/tangss/tmp/misc/linux/c/ipc/bus/json/build/CMakeFiles/CMakeTmp/CheckSymbolExists.c:
/* */
#include <stdio.h>

int main(int argc, char** argv)
{
  (void)argv;
#ifndef vasprintf
  return ((int*)(&vasprintf))[argc];
#else
  (void)argc;
  return 0;
#endif
}

Determining if the vsnprintf exist passed with the following output:
Change Dir: /home/tangss/tmp/misc/linux/c/ipc/bus/json/build/CMakeFiles/CMakeTmp

Run Build Command:"/usr/bin/make" "cmTC_16f31/fast"
/usr/bin/make -f CMakeFiles/cmTC_16f31.dir/build.make CMakeFiles/cmTC_16f31.dir/build
make[1]: Entering directory '/home/tangss/tmp/misc/linux/c/ipc/bus/json/build/CMakeFiles/CMakeTmp'
Building C object CMakeFiles/cmTC_16f31.dir/CheckSymbolExists.c.o
/usr/bin/gcc -D_GNU_SOURCE   -o CMakeFiles/cmTC_16f31.dir/CheckSymbolExists.c.o   -c /home/tangss/tmp/misc/linux/c/ipc/bus/json/build/CMakeFiles/CMakeTmp/CheckSymbolExists.c
Linking C executable cmTC_16f31
/usr/bin/cmake -E cmake_link_script CMakeFiles/cmTC_16f31.dir/link.txt --verbose=1
/usr/bin/gcc      -rdynamic CMakeFiles/cmTC_16f31.dir/CheckSymbolExists.c.o  -o cmTC_16f31 -lm 
make[1]: Leaving directory '/home/tangss/tmp/misc/linux/c/ipc/bus/json/build/CMakeFiles/CMakeTmp'

File /home/tangss/tmp/misc/linux/c/ipc/bus/json/build/CMakeFiles/CMakeTmp/CheckSymbolExists.c:
/* */
#include <stdio.h>

int main(int argc, char** argv)
{
  (void)argv;
#ifndef vsnprintf
  return ((int*)(&vsnprintf))[argc];
#else
  (void)argc;
  return 0;
#endif
}

Determining if the vprintf exist passed with the following output:
Change Dir: /home/tangss/tmp/misc/linux/c/ipc/bus/json/build/CMakeFiles/CMakeTmp

Run Build Command:"/usr/bin/make" "cmTC_b7e90/fast"
/usr/bin/make -f CMakeFiles/cmTC_b7e90.dir/build.make CMakeFiles/cmTC_b7e90.dir/build
make[1]: Entering directory '/home/tangss/tmp/misc/linux/c/ipc/bus/json/build/CMakeFiles/CMakeTmp'
Building C object CMakeFiles/cmTC_b7e90.dir/CheckSymbolExists.c.o
/usr/bin/gcc -D_GNU_SOURCE   -o CMakeFiles/cmTC_b7e90.dir/CheckSymbolExists.c.o   -c /home/tangss/tmp/misc/linux/c/ipc/bus/json/build/CMakeFiles/CMakeTmp/CheckSymbolExists.c
Linking C executable cmTC_b7e90
/usr/bin/cmake -E cmake_link_script CMakeFiles/cmTC_b7e90.dir/link.txt --verbose=1
/usr/bin/gcc      -rdynamic CMakeFiles/cmTC_b7e90.dir/CheckSymbolExists.c.o  -o cmTC_b7e90 -lm 
make[1]: Leaving directory '/home/tangss/tmp/misc/linux/c/ipc/bus/json/build/CMakeFiles/CMakeTmp'

File /home/tangss/tmp/misc/linux/c/ipc/bus/json/build/CMakeFiles/CMakeTmp/CheckSymbolExists.c:
/* */
#include <stdio.h>

int main(int argc, char** argv)
{
  (void)argv;
#ifndef vprintf
  return ((int*)(&vprintf))[argc];
#else
  (void)argc;
  return 0;
#endif
}

Determining if the open exist passed with the following output:
Change Dir: /home/tangss/tmp/misc/linux/c/ipc/bus/json/build/CMakeFiles/CMakeTmp

Run Build Command:"/usr/bin/make" "cmTC_2d888/fast"
/usr/bin/make -f CMakeFiles/cmTC_2d888.dir/build.make CMakeFiles/cmTC_2d888.dir/build
make[1]: Entering directory '/home/tangss/tmp/misc/linux/c/ipc/bus/json/build/CMakeFiles/CMakeTmp'
Building C object CMakeFiles/cmTC_2d888.dir/CheckSymbolExists.c.o
/usr/bin/gcc -D_GNU_SOURCE   -o CMakeFiles/cmTC_2d888.dir/CheckSymbolExists.c.o   -c /home/tangss/tmp/misc/linux/c/ipc/bus/json/build/CMakeFiles/CMakeTmp/CheckSymbolExists.c
Linking C executable cmTC_2d888
/usr/bin/cmake -E cmake_link_script CMakeFiles/cmTC_2d888.dir/link.txt --verbose=1
/usr/bin/gcc      -rdynamic CMakeFiles/cmTC_2d888.dir/CheckSymbolExists.c.o  -o cmTC_2d888 -lm 
make[1]: Leaving directory '/home/tangss/tmp/misc/linux/c/ipc/bus/json/build/CMakeFiles/CMakeTmp'

File /home/tangss/tmp/misc/linux/c/ipc/bus/json/build/CMakeFiles/CMakeTmp/CheckSymbolExists.c:
/* */
#include <fcntl.h>

int main(int argc, char** argv)
{
  (void)argv;
#ifndef open
  return ((int*)(&open))[argc];
#else
  (void)argc;
  return 0;
#endif
}

Determining if the realloc exist passed with the following output:
Change Dir: /home/tangss/tmp/misc/linux/c/ipc/bus/json/build/CMakeFiles/CMakeTmp

Run Build Command:"/usr/bin/make" "cmTC_0d1f2/fast"
/usr/bin/make -f CMakeFiles/cmTC_0d1f2.dir/build.make CMakeFiles/cmTC_0d1f2.dir/build
make[1]: Entering directory '/home/tangss/tmp/misc/linux/c/ipc/bus/json/build/CMakeFiles/CMakeTmp'
Building C object CMakeFiles/cmTC_0d1f2.dir/CheckSymbolExists.c.o
/usr/bin/gcc -D_GNU_SOURCE   -o CMakeFiles/cmTC_0d1f2.dir/CheckSymbolExists.c.o   -c /home/tangss/tmp/misc/linux/c/ipc/bus/json/build/CMakeFiles/CMakeTmp/CheckSymbolExists.c
Linking C executable cmTC_0d1f2
/usr/bin/cmake -E cmake_link_script CMakeFiles/cmTC_0d1f2.dir/link.txt --verbose=1
/usr/bin/gcc      -rdynamic CMakeFiles/cmTC_0d1f2.dir/CheckSymbolExists.c.o  -o cmTC_0d1f2 -lm 
make[1]: Leaving directory '/home/tangss/tmp/misc/linux/c/ipc/bus/json/build/CMakeFiles/CMakeTmp'

File /home/tangss/tmp/misc/linux/c/ipc/bus/json/build/CMakeFiles/CMakeTmp/CheckSymbolExists.c:
/* */
#include <stdlib.h>

int main(int argc, char** argv)
{
  (void)argv;
#ifndef realloc
  return ((int*)(&realloc))[argc];
#else
  (void)argc;
  return 0;
#endif
}

Determining if the strcasecmp exist passed with the following output:
Change Dir: /home/tangss/tmp/misc/linux/c/ipc/bus/json/build/CMakeFiles/CMakeTmp

Run Build Command:"/usr/bin/make" "cmTC_a96cb/fast"
/usr/bin/make -f CMakeFiles/cmTC_a96cb.dir/build.make CMakeFiles/cmTC_a96cb.dir/build
make[1]: Entering directory '/home/tangss/tmp/misc/linux/c/ipc/bus/json/build/CMakeFiles/CMakeTmp'
Building C object CMakeFiles/cmTC_a96cb.dir/CheckSymbolExists.c.o
/usr/bin/gcc -D_GNU_SOURCE   -o CMakeFiles/cmTC_a96cb.dir/CheckSymbolExists.c.o   -c /home/tangss/tmp/misc/linux/c/ipc/bus/json/build/CMakeFiles/CMakeTmp/CheckSymbolExists.c
Linking C executable cmTC_a96cb
/usr/bin/cmake -E cmake_link_script CMakeFiles/cmTC_a96cb.dir/link.txt --verbose=1
/usr/bin/gcc      -rdynamic CMakeFiles/cmTC_a96cb.dir/CheckSymbolExists.c.o  -o cmTC_a96cb -lm 
make[1]: Leaving directory '/home/tangss/tmp/misc/linux/c/ipc/bus/json/build/CMakeFiles/CMakeTmp'

File /home/tangss/tmp/misc/linux/c/ipc/bus/json/build/CMakeFiles/CMakeTmp/CheckSymbolExists.c:
/* */
#include <strings.h>

int main(int argc, char** argv)
{
  (void)argv;
#ifndef strcasecmp
  return ((int*)(&strcasecmp))[argc];
#else
  (void)argc;
  return 0;
#endif
}

Determining if the strncasecmp exist passed with the following output:
Change Dir: /home/tangss/tmp/misc/linux/c/ipc/bus/json/build/CMakeFiles/CMakeTmp

Run Build Command:"/usr/bin/make" "cmTC_d1271/fast"
/usr/bin/make -f CMakeFiles/cmTC_d1271.dir/build.make CMakeFiles/cmTC_d1271.dir/build
make[1]: Entering directory '/home/tangss/tmp/misc/linux/c/ipc/bus/json/build/CMakeFiles/CMakeTmp'
Building C object CMakeFiles/cmTC_d1271.dir/CheckSymbolExists.c.o
/usr/bin/gcc -D_GNU_SOURCE   -o CMakeFiles/cmTC_d1271.dir/CheckSymbolExists.c.o   -c /home/tangss/tmp/misc/linux/c/ipc/bus/json/build/CMakeFiles/CMakeTmp/CheckSymbolExists.c
Linking C executable cmTC_d1271
/usr/bin/cmake -E cmake_link_script CMakeFiles/cmTC_d1271.dir/link.txt --verbose=1
/usr/bin/gcc      -rdynamic CMakeFiles/cmTC_d1271.dir/CheckSymbolExists.c.o  -o cmTC_d1271 -lm 
make[1]: Leaving directory '/home/tangss/tmp/misc/linux/c/ipc/bus/json/build/CMakeFiles/CMakeTmp'

File /home/tangss/tmp/misc/linux/c/ipc/bus/json/build/CMakeFiles/CMakeTmp/CheckSymbolExists.c:
/* */
#include <strings.h>

int main(int argc, char** argv)
{
  (void)argv;
#ifndef strncasecmp
  return ((int*)(&strncasecmp))[argc];
#else
  (void)argc;
  return 0;
#endif
}

Determining if the strdup exist passed with the following output:
Change Dir: /home/tangss/tmp/misc/linux/c/ipc/bus/json/build/CMakeFiles/CMakeTmp

Run Build Command:"/usr/bin/make" "cmTC_d4b36/fast"
/usr/bin/make -f CMakeFiles/cmTC_d4b36.dir/build.make CMakeFiles/cmTC_d4b36.dir/build
make[1]: Entering directory '/home/tangss/tmp/misc/linux/c/ipc/bus/json/build/CMakeFiles/CMakeTmp'
Building C object CMakeFiles/cmTC_d4b36.dir/CheckSymbolExists.c.o
/usr/bin/gcc -D_GNU_SOURCE   -o CMakeFiles/cmTC_d4b36.dir/CheckSymbolExists.c.o   -c /home/tangss/tmp/misc/linux/c/ipc/bus/json/build/CMakeFiles/CMakeTmp/CheckSymbolExists.c
Linking C executable cmTC_d4b36
/usr/bin/cmake -E cmake_link_script CMakeFiles/cmTC_d4b36.dir/link.txt --verbose=1
/usr/bin/gcc      -rdynamic CMakeFiles/cmTC_d4b36.dir/CheckSymbolExists.c.o  -o cmTC_d4b36 -lm 
make[1]: Leaving directory '/home/tangss/tmp/misc/linux/c/ipc/bus/json/build/CMakeFiles/CMakeTmp'

File /home/tangss/tmp/misc/linux/c/ipc/bus/json/build/CMakeFiles/CMakeTmp/CheckSymbolExists.c:
/* */
#include <string.h>

int main(int argc, char** argv)
{
  (void)argv;
#ifndef strdup
  return ((int*)(&strdup))[argc];
#else
  (void)argc;
  return 0;
#endif
}

Determining if the strerror exist passed with the following output:
Change Dir: /home/tangss/tmp/misc/linux/c/ipc/bus/json/build/CMakeFiles/CMakeTmp

Run Build Command:"/usr/bin/make" "cmTC_b6f4d/fast"
/usr/bin/make -f CMakeFiles/cmTC_b6f4d.dir/build.make CMakeFiles/cmTC_b6f4d.dir/build
make[1]: Entering directory '/home/tangss/tmp/misc/linux/c/ipc/bus/json/build/CMakeFiles/CMakeTmp'
Building C object CMakeFiles/cmTC_b6f4d.dir/CheckSymbolExists.c.o
/usr/bin/gcc -D_GNU_SOURCE   -o CMakeFiles/cmTC_b6f4d.dir/CheckSymbolExists.c.o   -c /home/tangss/tmp/misc/linux/c/ipc/bus/json/build/CMakeFiles/CMakeTmp/CheckSymbolExists.c
Linking C executable cmTC_b6f4d
/usr/bin/cmake -E cmake_link_script CMakeFiles/cmTC_b6f4d.dir/link.txt --verbose=1
/usr/bin/gcc      -rdynamic CMakeFiles/cmTC_b6f4d.dir/CheckSymbolExists.c.o  -o cmTC_b6f4d -lm 
make[1]: Leaving directory '/home/tangss/tmp/misc/linux/c/ipc/bus/json/build/CMakeFiles/CMakeTmp'

File /home/tangss/tmp/misc/linux/c/ipc/bus/json/build/CMakeFiles/CMakeTmp/CheckSymbolExists.c:
/* */
#include <string.h>

int main(int argc, char** argv)
{
  (void)argv;
#ifndef strerror
  return ((int*)(&strerror))[argc];
#else
  (void)argc;
  return 0;
#endif
}

Determining if the vsyslog exist passed with the following output:
Change Dir: /home/tangss/tmp/misc/linux/c/ipc/bus/json/build/CMakeFiles/CMakeTmp

Run Build Command:"/usr/bin/make" "cmTC_90f26/fast"
/usr/bin/make -f CMakeFiles/cmTC_90f26.dir/build.make CMakeFiles/cmTC_90f26.dir/build
make[1]: Entering directory '/home/tangss/tmp/misc/linux/c/ipc/bus/json/build/CMakeFiles/CMakeTmp'
Building C object CMakeFiles/cmTC_90f26.dir/CheckSymbolExists.c.o
/usr/bin/gcc -D_GNU_SOURCE   -o CMakeFiles/cmTC_90f26.dir/CheckSymbolExists.c.o   -c /home/tangss/tmp/misc/linux/c/ipc/bus/json/build/CMakeFiles/CMakeTmp/CheckSymbolExists.c
Linking C executable cmTC_90f26
/usr/bin/cmake -E cmake_link_script CMakeFiles/cmTC_90f26.dir/link.txt --verbose=1
/usr/bin/gcc      -rdynamic CMakeFiles/cmTC_90f26.dir/CheckSymbolExists.c.o  -o cmTC_90f26 -lm 
make[1]: Leaving directory '/home/tangss/tmp/misc/linux/c/ipc/bus/json/build/CMakeFiles/CMakeTmp'

File /home/tangss/tmp/misc/linux/c/ipc/bus/json/build/CMakeFiles/CMakeTmp/CheckSymbolExists.c:
/* */
#include <syslog.h>

int main(int argc, char** argv)
{
  (void)argv;
#ifndef vsyslog
  return ((int*)(&vsyslog))[argc];
#else
  (void)argc;
  return 0;
#endif
}

Determining if the include file stddef.h exists passed with the following output:
Change Dir: /home/tangss/tmp/misc/linux/c/ipc/bus/json/build/CMakeFiles/CMakeTmp

Run Build Command:"/usr/bin/make" "cmTC_fe608/fast"
/usr/bin/make -f CMakeFiles/cmTC_fe608.dir/build.make CMakeFiles/cmTC_fe608.dir/build
make[1]: Entering directory '/home/tangss/tmp/misc/linux/c/ipc/bus/json/build/CMakeFiles/CMakeTmp'
Building C object CMakeFiles/cmTC_fe608.dir/CheckIncludeFile.c.o
/usr/bin/gcc -D_GNU_SOURCE   -o CMakeFiles/cmTC_fe608.dir/CheckIncludeFile.c.o   -c /home/tangss/tmp/misc/linux/c/ipc/bus/json/build/CMakeFiles/CMakeTmp/CheckIncludeFile.c
Linking C executable cmTC_fe608
/usr/bin/cmake -E cmake_link_script CMakeFiles/cmTC_fe608.dir/link.txt --verbose=1
/usr/bin/gcc      -rdynamic CMakeFiles/cmTC_fe608.dir/CheckIncludeFile.c.o  -o cmTC_fe608 
make[1]: Leaving directory '/home/tangss/tmp/misc/linux/c/ipc/bus/json/build/CMakeFiles/CMakeTmp'


Determining size of int passed with the following output:
Change Dir: /home/tangss/tmp/misc/linux/c/ipc/bus/json/build/CMakeFiles/CMakeTmp

Run Build Command:"/usr/bin/make" "cmTC_df5a6/fast"
/usr/bin/make -f CMakeFiles/cmTC_df5a6.dir/build.make CMakeFiles/cmTC_df5a6.dir/build
make[1]: Entering directory '/home/tangss/tmp/misc/linux/c/ipc/bus/json/build/CMakeFiles/CMakeTmp'
Building C object CMakeFiles/cmTC_df5a6.dir/SIZEOF_INT.c.o
/usr/bin/gcc -D_GNU_SOURCE   -o CMakeFiles/cmTC_df5a6.dir/SIZEOF_INT.c.o   -c /home/tangss/tmp/misc/linux/c/ipc/bus/json/build/CMakeFiles/CheckTypeSize/SIZEOF_INT.c
Linking C executable cmTC_df5a6
/usr/bin/cmake -E cmake_link_script CMakeFiles/cmTC_df5a6.dir/link.txt --verbose=1
/usr/bin/gcc      -rdynamic CMakeFiles/cmTC_df5a6.dir/SIZEOF_INT.c.o  -o cmTC_df5a6 -lm 
make[1]: Leaving directory '/home/tangss/tmp/misc/linux/c/ipc/bus/json/build/CMakeFiles/CMakeTmp'


Determining size of int64_t passed with the following output:
Change Dir: /home/tangss/tmp/misc/linux/c/ipc/bus/json/build/CMakeFiles/CMakeTmp

Run Build Command:"/usr/bin/make" "cmTC_5839b/fast"
/usr/bin/make -f CMakeFiles/cmTC_5839b.dir/build.make CMakeFiles/cmTC_5839b.dir/build
make[1]: Entering directory '/home/tangss/tmp/misc/linux/c/ipc/bus/json/build/CMakeFiles/CMakeTmp'
Building C object CMakeFiles/cmTC_5839b.dir/SIZEOF_INT64_T.c.o
/usr/bin/gcc -D_GNU_SOURCE   -o CMakeFiles/cmTC_5839b.dir/SIZEOF_INT64_T.c.o   -c /home/tangss/tmp/misc/linux/c/ipc/bus/json/build/CMakeFiles/CheckTypeSize/SIZEOF_INT64_T.c
Linking C executable cmTC_5839b
/usr/bin/cmake -E cmake_link_script CMakeFiles/cmTC_5839b.dir/link.txt --verbose=1
/usr/bin/gcc      -rdynamic CMakeFiles/cmTC_5839b.dir/SIZEOF_INT64_T.c.o  -o cmTC_5839b -lm 
make[1]: Leaving directory '/home/tangss/tmp/misc/linux/c/ipc/bus/json/build/CMakeFiles/CMakeTmp'


Determining size of long passed with the following output:
Change Dir: /home/tangss/tmp/misc/linux/c/ipc/bus/json/build/CMakeFiles/CMakeTmp

Run Build Command:"/usr/bin/make" "cmTC_b7d1c/fast"
/usr/bin/make -f CMakeFiles/cmTC_b7d1c.dir/build.make CMakeFiles/cmTC_b7d1c.dir/build
make[1]: Entering directory '/home/tangss/tmp/misc/linux/c/ipc/bus/json/build/CMakeFiles/CMakeTmp'
Building C object CMakeFiles/cmTC_b7d1c.dir/SIZEOF_LONG.c.o
/usr/bin/gcc -D_GNU_SOURCE   -o CMakeFiles/cmTC_b7d1c.dir/SIZEOF_LONG.c.o   -c /home/tangss/tmp/misc/linux/c/ipc/bus/json/build/CMakeFiles/CheckTypeSize/SIZEOF_LONG.c
Linking C executable cmTC_b7d1c
/usr/bin/cmake -E cmake_link_script CMakeFiles/cmTC_b7d1c.dir/link.txt --verbose=1
/usr/bin/gcc      -rdynamic CMakeFiles/cmTC_b7d1c.dir/SIZEOF_LONG.c.o  -o cmTC_b7d1c -lm 
make[1]: Leaving directory '/home/tangss/tmp/misc/linux/c/ipc/bus/json/build/CMakeFiles/CMakeTmp'


Determining size of long long passed with the following output:
Change Dir: /home/tangss/tmp/misc/linux/c/ipc/bus/json/build/CMakeFiles/CMakeTmp

Run Build Command:"/usr/bin/make" "cmTC_72e8b/fast"
/usr/bin/make -f CMakeFiles/cmTC_72e8b.dir/build.make CMakeFiles/cmTC_72e8b.dir/build
make[1]: Entering directory '/home/tangss/tmp/misc/linux/c/ipc/bus/json/build/CMakeFiles/CMakeTmp'
Building C object CMakeFiles/cmTC_72e8b.dir/SIZEOF_LONG_LONG.c.o
/usr/bin/gcc -D_GNU_SOURCE   -o CMakeFiles/cmTC_72e8b.dir/SIZEOF_LONG_LONG.c.o   -c /home/tangss/tmp/misc/linux/c/ipc/bus/json/build/CMakeFiles/CheckTypeSize/SIZEOF_LONG_LONG.c
Linking C executable cmTC_72e8b
/usr/bin/cmake -E cmake_link_script CMakeFiles/cmTC_72e8b.dir/link.txt --verbose=1
/usr/bin/gcc      -rdynamic CMakeFiles/cmTC_72e8b.dir/SIZEOF_LONG_LONG.c.o  -o cmTC_72e8b -lm 
make[1]: Leaving directory '/home/tangss/tmp/misc/linux/c/ipc/bus/json/build/CMakeFiles/CMakeTmp'


Determining size of size_t passed with the following output:
Change Dir: /home/tangss/tmp/misc/linux/c/ipc/bus/json/build/CMakeFiles/CMakeTmp

Run Build Command:"/usr/bin/make" "cmTC_030ad/fast"
/usr/bin/make -f CMakeFiles/cmTC_030ad.dir/build.make CMakeFiles/cmTC_030ad.dir/build
make[1]: Entering directory '/home/tangss/tmp/misc/linux/c/ipc/bus/json/build/CMakeFiles/CMakeTmp'
Building C object CMakeFiles/cmTC_030ad.dir/SIZEOF_SIZE_T.c.o
/usr/bin/gcc -D_GNU_SOURCE   -o CMakeFiles/cmTC_030ad.dir/SIZEOF_SIZE_T.c.o   -c /home/tangss/tmp/misc/linux/c/ipc/bus/json/build/CMakeFiles/CheckTypeSize/SIZEOF_SIZE_T.c
Linking C executable cmTC_030ad
/usr/bin/cmake -E cmake_link_script CMakeFiles/cmTC_030ad.dir/link.txt --verbose=1
/usr/bin/gcc      -rdynamic CMakeFiles/cmTC_030ad.dir/SIZEOF_SIZE_T.c.o  -o cmTC_030ad -lm 
make[1]: Leaving directory '/home/tangss/tmp/misc/linux/c/ipc/bus/json/build/CMakeFiles/CMakeTmp'


Performing C SOURCE FILE Test HAVE_ATOMIC_BUILTINS succeeded with the following output:
Change Dir: /home/tangss/tmp/misc/linux/c/ipc/bus/json/build/CMakeFiles/CMakeTmp

Run Build Command:"/usr/bin/make" "cmTC_843ed/fast"
/usr/bin/make -f CMakeFiles/cmTC_843ed.dir/build.make CMakeFiles/cmTC_843ed.dir/build
make[1]: Entering directory '/home/tangss/tmp/misc/linux/c/ipc/bus/json/build/CMakeFiles/CMakeTmp'
Building C object CMakeFiles/cmTC_843ed.dir/src.c.o
/usr/bin/gcc -D_GNU_SOURCE  -DHAVE_ATOMIC_BUILTINS   -o CMakeFiles/cmTC_843ed.dir/src.c.o   -c /home/tangss/tmp/misc/linux/c/ipc/bus/json/build/CMakeFiles/CMakeTmp/src.c
Linking C executable cmTC_843ed
/usr/bin/cmake -E cmake_link_script CMakeFiles/cmTC_843ed.dir/link.txt --verbose=1
/usr/bin/gcc  -DHAVE_ATOMIC_BUILTINS    -rdynamic CMakeFiles/cmTC_843ed.dir/src.c.o  -o cmTC_843ed -lm 
make[1]: Leaving directory '/home/tangss/tmp/misc/linux/c/ipc/bus/json/build/CMakeFiles/CMakeTmp'

Source file was:
int main() { int i, x = 0; i = __sync_add_and_fetch(&x,1); return x; }
Performing C SOURCE FILE Test HAVE___THREAD succeeded with the following output:
Change Dir: /home/tangss/tmp/misc/linux/c/ipc/bus/json/build/CMakeFiles/CMakeTmp

Run Build Command:"/usr/bin/make" "cmTC_ab213/fast"
/usr/bin/make -f CMakeFiles/cmTC_ab213.dir/build.make CMakeFiles/cmTC_ab213.dir/build
make[1]: Entering directory '/home/tangss/tmp/misc/linux/c/ipc/bus/json/build/CMakeFiles/CMakeTmp'
Building C object CMakeFiles/cmTC_ab213.dir/src.c.o
/usr/bin/gcc -D_GNU_SOURCE  -DHAVE___THREAD   -o CMakeFiles/cmTC_ab213.dir/src.c.o   -c /home/tangss/tmp/misc/linux/c/ipc/bus/json/build/CMakeFiles/CMakeTmp/src.c
Linking C executable cmTC_ab213
/usr/bin/cmake -E cmake_link_script CMakeFiles/cmTC_ab213.dir/link.txt --verbose=1
/usr/bin/gcc  -DHAVE___THREAD    -rdynamic CMakeFiles/cmTC_ab213.dir/src.c.o  -o cmTC_ab213 -lm 
make[1]: Leaving directory '/home/tangss/tmp/misc/linux/c/ipc/bus/json/build/CMakeFiles/CMakeTmp'

Source file was:
__thread int x = 0; int main() { return 0; }
