This file contains any messages produced by compilers while
running configure, to aid debugging if configure makes a mistake.

It was created by cmockery configure 0.1.2, which was
generated by GNU Autoconf 2.68.  Invocation command line was

  $ ./configure --host=arm-hisiv500-linux host_alias=arm-hisiv500-linux --no-create --no-recursion

## --------- ##
## Platform. ##
## --------- ##

hostname = horzon-dev3
uname -m = x86_64
uname -r = 3.13.0-32-generic
uname -s = Linux
uname -v = #57~precise1-Ubuntu SMP Tue Jul 15 03:51:20 UTC 2014

/usr/bin/uname -p = unknown
/bin/uname -X     = unknown

/bin/arch              = unknown
/usr/bin/arch -k       = unknown
/usr/convex/getsysinfo = unknown
/usr/bin/hostinfo      = unknown
/bin/machine           = unknown
/usr/bin/oslevel       = unknown
/bin/universe          = unknown

PATH: /home/tangshishan/bin
PATH: /opt/hisi-linux/x86-arm/arm-himix100-linux/bin
PATH: /opt/hisi-linux/x86-arm/arm-himix200-linux/bin
PATH: /opt/hisi-linux/x86-arm/arm-hisiv500-linux/target/bin
PATH: /usr/local/sbin
PATH: /usr/local/bin
PATH: /usr/sbin
PATH: /usr/bin
PATH: /sbin
PATH: /bin
PATH: /usr/games
PATH: /data/tangshishan


## ----------- ##
## Core tests. ##
## ----------- ##

configure:2583: checking for a BSD-compatible install
configure:2651: result: /usr/bin/install -c
configure:2662: checking whether build environment is sane
configure:2699: result: yes
configure:2761: checking for gawk
configure:2777: found /usr/bin/gawk
configure:2788: result: gawk
configure:2799: checking whether make sets $(MAKE)
configure:2821: result: yes
configure:2895: checking for arm-hisiv500-linux-strip
configure:2911: found /opt/hisi-linux/x86-arm/arm-hisiv500-linux/target/bin/arm-hisiv500-linux-strip
configure:2922: result: arm-hisiv500-linux-strip
configure:3011: checking for arm-hisiv500-linux-gcc
configure:3027: found /opt/hisi-linux/x86-arm/arm-hisiv500-linux/target/bin/arm-hisiv500-linux-gcc
configure:3038: result: arm-hisiv500-linux-gcc
configure:3307: checking for C compiler version
configure:3316: arm-hisiv500-linux-gcc --version >&5
arm-hisiv500-linux-gcc (Hisilicon_v500_20170922) 4.9.4 20150629 (prerelease)
Copyright (C) 2015 Free Software Foundation, Inc.
This is free software; see the source for copying conditions.  There is NO
warranty; not even for MERCHANTABILITY or FITNESS FOR A PARTICULAR PURPOSE.

configure:3327: $? = 0
configure:3316: arm-hisiv500-linux-gcc -v >&5
Using built-in specs.
COLLECT_GCC=arm-hisiv500-linux-gcc
COLLECT_LTO_WRAPPER=/opt/hisi-linux/x86-arm/arm-hisiv500-linux/bin/../libexec/gcc/arm-hisiv500-linux-uclibcgnueabi/4.9.4/lto-wrapper
Target: arm-hisiv500-linux-uclibcgnueabi
Configured with: ../gcc-linaro-4.9-2015.06/configure --host=x86_64-linux-gnu --build=x86_64-linux-gnu --target=arm-hisiv500-linux-uclibcgnueabi --prefix=/home/sying/toolchain_ljhui/gcc4_9/arm-hisiv500-linux/gcc-uclibc/install/arm-hisiv500-linux --enable-threads --disable-libmudflap --disable-libssp --disable-libstdcxx-pch --with-arch=armv5te --with-gnu-as --with-gnu-ld --enable-languages=c,c++ --enable-shared --enable-lto --enable-symvers=gnu --enable-__cxa_atexit --enable-nls --enable-clocale=gnu --enable-extra-hisi-multilibs --with-sysroot=/home/sying/toolchain_ljhui/gcc4_9/arm-hisiv500-linux/gcc-uclibc/install/arm-hisiv500-linux/target --with-build-sysroot=/home/sying/toolchain_ljhui/gcc4_9/arm-hisiv500-linux/gcc-uclibc/install/arm-hisiv500-linux/target --with-gmp=/home/sying/toolchain_ljhui/gcc4_9/arm-hisiv500-linux/gcc-uclibc/install/host_lib --with-mpfr=/home/sying/toolchain_ljhui/gcc4_9/arm-hisiv500-linux/gcc-uclibc/install/host_lib --with-mpc=/home/sying/toolchain_ljhui/gcc4_9/arm-hisiv500-linux/gcc-uclibc/install/host_lib --with-ppl=/home/sying/toolchain_ljhui/gcc4_9/arm-hisiv500-linux/gcc-uclibc/install/host_lib --with-cloog=/home/sying/toolchain_ljhui/gcc4_9/arm-hisiv500-linux/gcc-uclibc/install/host_lib --with-libelf=/home/sying/toolchain_ljhui/gcc4_9/arm-hisiv500-linux/gcc-uclibc/install/host_lib --enable-libgomp --disable-libitm --disable-libsanitizer --enable-poison-system-directories --with-libelf=/home/sying/toolchain_ljhui/gcc4_9/arm-hisiv500-linux/gcc-uclibc/install/host_lib --with-pkgversion=Hisilicon_v500_20170922 --with-bugurl=http://www.hisilicon.com/cn/service/claim.html
Thread model: posix
gcc version 4.9.4 20150629 (prerelease) (Hisilicon_v500_20170922) 
configure:3327: $? = 0
configure:3316: arm-hisiv500-linux-gcc -V >&5
arm-hisiv500-linux-gcc: error: unrecognized command line option '-V'
arm-hisiv500-linux-gcc: fatal error: no input files
compilation terminated.
configure:3327: $? = 1
configure:3316: arm-hisiv500-linux-gcc -qversion >&5
arm-hisiv500-linux-gcc: error: unrecognized command line option '-qversion'
arm-hisiv500-linux-gcc: fatal error: no input files
compilation terminated.
configure:3327: $? = 1
configure:3347: checking whether the C compiler works
configure:3369: arm-hisiv500-linux-gcc    conftest.c  >&5
configure:3373: $? = 0
configure:3421: result: yes
configure:3424: checking for C compiler default output file name
configure:3426: result: a.out
configure:3432: checking for suffix of executables
configure:3439: arm-hisiv500-linux-gcc -o conftest    conftest.c  >&5
configure:3443: $? = 0
configure:3465: result: 
configure:3487: checking whether we are cross compiling
configure:3495: arm-hisiv500-linux-gcc -o conftest    conftest.c  >&5
configure:3499: $? = 0
configure:3506: ./conftest
./configure: line 3508: ./conftest: cannot execute binary file
configure:3510: $? = 126
configure:3525: result: yes
configure:3530: checking for suffix of object files
configure:3552: arm-hisiv500-linux-gcc -c   conftest.c >&5
configure:3556: $? = 0
configure:3577: result: o
configure:3581: checking whether we are using the GNU C compiler
configure:3600: arm-hisiv500-linux-gcc -c   conftest.c >&5
configure:3600: $? = 0
configure:3609: result: yes
configure:3618: checking whether arm-hisiv500-linux-gcc accepts -g
configure:3638: arm-hisiv500-linux-gcc -c -g  conftest.c >&5
configure:3638: $? = 0
configure:3679: result: yes
configure:3696: checking for arm-hisiv500-linux-gcc option to accept ISO C89
configure:3760: arm-hisiv500-linux-gcc  -c -g -O2  conftest.c >&5
configure:3760: $? = 0
configure:3773: result: none needed
configure:3804: checking for style of include used by make
configure:3832: result: GNU
configure:3860: checking dependency style of arm-hisiv500-linux-gcc
configure:3950: result: gcc3
configure:3972: checking how to run the C preprocessor
configure:4003: arm-hisiv500-linux-gcc -E  conftest.c
configure:4003: $? = 0
configure:4017: arm-hisiv500-linux-gcc -E  conftest.c
conftest.c:11:28: fatal error: ac_nonexistent.h: No such file or directory
 #include <ac_nonexistent.h>
                            ^
compilation terminated.
configure:4017: $? = 1
configure: failed program was:
| /* confdefs.h */
| #define PACKAGE_NAME "cmockery"
| #define PACKAGE_TARNAME "cmockery"
| #define PACKAGE_VERSION "0.1.2"
| #define PACKAGE_STRING "cmockery 0.1.2"
| #define PACKAGE_BUGREPORT "opensource@google.com"
| #define PACKAGE_URL ""
| #define PACKAGE "cmockery"
| #define VERSION "0.1.2"
| /* end confdefs.h.  */
| #include <ac_nonexistent.h>
configure:4042: result: arm-hisiv500-linux-gcc -E
configure:4062: arm-hisiv500-linux-gcc -E  conftest.c
configure:4062: $? = 0
configure:4076: arm-hisiv500-linux-gcc -E  conftest.c
conftest.c:11:28: fatal error: ac_nonexistent.h: No such file or directory
 #include <ac_nonexistent.h>
                            ^
compilation terminated.
configure:4076: $? = 1
configure: failed program was:
| /* confdefs.h */
| #define PACKAGE_NAME "cmockery"
| #define PACKAGE_TARNAME "cmockery"
| #define PACKAGE_VERSION "0.1.2"
| #define PACKAGE_STRING "cmockery 0.1.2"
| #define PACKAGE_BUGREPORT "opensource@google.com"
| #define PACKAGE_URL ""
| #define PACKAGE "cmockery"
| #define VERSION "0.1.2"
| /* end confdefs.h.  */
| #include <ac_nonexistent.h>
configure:4118: checking for arm-hisiv500-linux-g++
configure:4134: found /opt/hisi-linux/x86-arm/arm-hisiv500-linux/target/bin/arm-hisiv500-linux-g++
configure:4145: result: arm-hisiv500-linux-g++
configure:4216: checking for C++ compiler version
configure:4225: arm-hisiv500-linux-g++ --version >&5
arm-hisiv500-linux-g++ (Hisilicon_v500_20170922) 4.9.4 20150629 (prerelease)
Copyright (C) 2015 Free Software Foundation, Inc.
This is free software; see the source for copying conditions.  There is NO
warranty; not even for MERCHANTABILITY or FITNESS FOR A PARTICULAR PURPOSE.

configure:4236: $? = 0
configure:4225: arm-hisiv500-linux-g++ -v >&5
Using built-in specs.
COLLECT_GCC=arm-hisiv500-linux-g++
COLLECT_LTO_WRAPPER=/opt/hisi-linux/x86-arm/arm-hisiv500-linux/bin/../libexec/gcc/arm-hisiv500-linux-uclibcgnueabi/4.9.4/lto-wrapper
Target: arm-hisiv500-linux-uclibcgnueabi
Configured with: ../gcc-linaro-4.9-2015.06/configure --host=x86_64-linux-gnu --build=x86_64-linux-gnu --target=arm-hisiv500-linux-uclibcgnueabi --prefix=/home/sying/toolchain_ljhui/gcc4_9/arm-hisiv500-linux/gcc-uclibc/install/arm-hisiv500-linux --enable-threads --disable-libmudflap --disable-libssp --disable-libstdcxx-pch --with-arch=armv5te --with-gnu-as --with-gnu-ld --enable-languages=c,c++ --enable-shared --enable-lto --enable-symvers=gnu --enable-__cxa_atexit --enable-nls --enable-clocale=gnu --enable-extra-hisi-multilibs --with-sysroot=/home/sying/toolchain_ljhui/gcc4_9/arm-hisiv500-linux/gcc-uclibc/install/arm-hisiv500-linux/target --with-build-sysroot=/home/sying/toolchain_ljhui/gcc4_9/arm-hisiv500-linux/gcc-uclibc/install/arm-hisiv500-linux/target --with-gmp=/home/sying/toolchain_ljhui/gcc4_9/arm-hisiv500-linux/gcc-uclibc/install/host_lib --with-mpfr=/home/sying/toolchain_ljhui/gcc4_9/arm-hisiv500-linux/gcc-uclibc/install/host_lib --with-mpc=/home/sying/toolchain_ljhui/gcc4_9/arm-hisiv500-linux/gcc-uclibc/install/host_lib --with-ppl=/home/sying/toolchain_ljhui/gcc4_9/arm-hisiv500-linux/gcc-uclibc/install/host_lib --with-cloog=/home/sying/toolchain_ljhui/gcc4_9/arm-hisiv500-linux/gcc-uclibc/install/host_lib --with-libelf=/home/sying/toolchain_ljhui/gcc4_9/arm-hisiv500-linux/gcc-uclibc/install/host_lib --enable-libgomp --disable-libitm --disable-libsanitizer --enable-poison-system-directories --with-libelf=/home/sying/toolchain_ljhui/gcc4_9/arm-hisiv500-linux/gcc-uclibc/install/host_lib --with-pkgversion=Hisilicon_v500_20170922 --with-bugurl=http://www.hisilicon.com/cn/service/claim.html
Thread model: posix
gcc version 4.9.4 20150629 (prerelease) (Hisilicon_v500_20170922) 
configure:4236: $? = 0
configure:4225: arm-hisiv500-linux-g++ -V >&5
arm-hisiv500-linux-g++: error: unrecognized command line option '-V'
arm-hisiv500-linux-g++: fatal error: no input files
compilation terminated.
configure:4236: $? = 1
configure:4225: arm-hisiv500-linux-g++ -qversion >&5
arm-hisiv500-linux-g++: error: unrecognized command line option '-qversion'
arm-hisiv500-linux-g++: fatal error: no input files
compilation terminated.
configure:4236: $? = 1
configure:4240: checking whether we are using the GNU C++ compiler
configure:4259: arm-hisiv500-linux-g++ -c   conftest.cpp >&5
configure:4259: $? = 0
configure:4268: result: yes
configure:4277: checking whether arm-hisiv500-linux-g++ accepts -g
configure:4297: arm-hisiv500-linux-g++ -c -g  conftest.cpp >&5
configure:4297: $? = 0
configure:4338: result: yes
configure:4363: checking dependency style of arm-hisiv500-linux-g++
configure:4453: result: gcc3
configure:4558: checking build system type
configure:4572: result: x86_64-unknown-linux-gnu
configure:4592: checking host system type
configure:4605: result: arm-hisiv500-linux-gnu
configure:4625: checking for a sed that does not truncate output
configure:4679: result: /bin/sed
configure:4682: checking for grep that handles long lines and -e
configure:4740: result: /bin/grep
configure:4745: checking for egrep
configure:4807: result: /bin/grep -E
configure:4823: checking for ld used by arm-hisiv500-linux-gcc
configure:4890: result: /opt/hisi-linux/x86-arm/arm-hisiv500-linux/arm-hisiv500-linux-uclibcgnueabi/bin/ld
configure:4897: checking if the linker (/opt/hisi-linux/x86-arm/arm-hisiv500-linux/arm-hisiv500-linux-uclibcgnueabi/bin/ld) is GNU ld
configure:4912: result: yes
configure:4917: checking for /opt/hisi-linux/x86-arm/arm-hisiv500-linux/arm-hisiv500-linux-uclibcgnueabi/bin/ld option to reload object files
configure:4924: result: -r
configure:4942: checking for BSD-compatible nm
configure:4991: result: /opt/hisi-linux/x86-arm/arm-hisiv500-linux/target/bin/arm-hisiv500-linux-nm -B
configure:4995: checking whether ln -s works
configure:4999: result: yes
configure:5006: checking how to recognise dependent libraries
configure:5182: result: pass_all
configure:5387: checking for ANSI C header files
configure:5407: arm-hisiv500-linux-gcc -c -g -O2  conftest.c >&5
configure:5407: $? = 0
configure:5491: result: yes
configure:5504: checking for sys/types.h
configure:5504: arm-hisiv500-linux-gcc -c -g -O2  conftest.c >&5
configure:5504: $? = 0
configure:5504: result: yes
configure:5504: checking for sys/stat.h
configure:5504: arm-hisiv500-linux-gcc -c -g -O2  conftest.c >&5
configure:5504: $? = 0
configure:5504: result: yes
configure:5504: checking for stdlib.h
configure:5504: arm-hisiv500-linux-gcc -c -g -O2  conftest.c >&5
configure:5504: $? = 0
configure:5504: result: yes
configure:5504: checking for string.h
configure:5504: arm-hisiv500-linux-gcc -c -g -O2  conftest.c >&5
configure:5504: $? = 0
configure:5504: result: yes
configure:5504: checking for memory.h
configure:5504: arm-hisiv500-linux-gcc -c -g -O2  conftest.c >&5
configure:5504: $? = 0
configure:5504: result: yes
configure:5504: checking for strings.h
configure:5504: arm-hisiv500-linux-gcc -c -g -O2  conftest.c >&5
configure:5504: $? = 0
configure:5504: result: yes
configure:5504: checking for inttypes.h
configure:5504: arm-hisiv500-linux-gcc -c -g -O2  conftest.c >&5
configure:5504: $? = 0
configure:5504: result: yes
configure:5504: checking for stdint.h
configure:5504: arm-hisiv500-linux-gcc -c -g -O2  conftest.c >&5
configure:5504: $? = 0
configure:5504: result: yes
configure:5504: checking for unistd.h
configure:5504: arm-hisiv500-linux-gcc -c -g -O2  conftest.c >&5
configure:5504: $? = 0
configure:5504: result: yes
configure:5518: checking dlfcn.h usability
configure:5518: arm-hisiv500-linux-gcc -c -g -O2  conftest.c >&5
configure:5518: $? = 0
configure:5518: result: yes
configure:5518: checking dlfcn.h presence
configure:5518: arm-hisiv500-linux-gcc -E  conftest.c
configure:5518: $? = 0
configure:5518: result: yes
configure:5518: checking for dlfcn.h
configure:5518: result: yes
configure:5538: checking how to run the C++ preprocessor
configure:5565: arm-hisiv500-linux-g++ -E  conftest.cpp
configure:5565: $? = 0
configure:5579: arm-hisiv500-linux-g++ -E  conftest.cpp
conftest.cpp:22:28: fatal error: ac_nonexistent.h: No such file or directory
 #include <ac_nonexistent.h>
                            ^
compilation terminated.
configure:5579: $? = 1
configure: failed program was:
| /* confdefs.h */
| #define PACKAGE_NAME "cmockery"
| #define PACKAGE_TARNAME "cmockery"
| #define PACKAGE_VERSION "0.1.2"
| #define PACKAGE_STRING "cmockery 0.1.2"
| #define PACKAGE_BUGREPORT "opensource@google.com"
| #define PACKAGE_URL ""
| #define PACKAGE "cmockery"
| #define VERSION "0.1.2"
| #define STDC_HEADERS 1
| #define HAVE_SYS_TYPES_H 1
| #define HAVE_SYS_STAT_H 1
| #define HAVE_STDLIB_H 1
| #define HAVE_STRING_H 1
| #define HAVE_MEMORY_H 1
| #define HAVE_STRINGS_H 1
| #define HAVE_INTTYPES_H 1
| #define HAVE_STDINT_H 1
| #define HAVE_UNISTD_H 1
| #define HAVE_DLFCN_H 1
| /* end confdefs.h.  */
| #include <ac_nonexistent.h>
configure:5604: result: arm-hisiv500-linux-g++ -E
configure:5624: arm-hisiv500-linux-g++ -E  conftest.cpp
configure:5624: $? = 0
configure:5638: arm-hisiv500-linux-g++ -E  conftest.cpp
conftest.cpp:22:28: fatal error: ac_nonexistent.h: No such file or directory
 #include <ac_nonexistent.h>
                            ^
compilation terminated.
configure:5638: $? = 1
configure: failed program was:
| /* confdefs.h */
| #define PACKAGE_NAME "cmockery"
| #define PACKAGE_TARNAME "cmockery"
| #define PACKAGE_VERSION "0.1.2"
| #define PACKAGE_STRING "cmockery 0.1.2"
| #define PACKAGE_BUGREPORT "opensource@google.com"
| #define PACKAGE_URL ""
| #define PACKAGE "cmockery"
| #define VERSION "0.1.2"
| #define STDC_HEADERS 1
| #define HAVE_SYS_TYPES_H 1
| #define HAVE_SYS_STAT_H 1
| #define HAVE_STDLIB_H 1
| #define HAVE_STRING_H 1
| #define HAVE_MEMORY_H 1
| #define HAVE_STRINGS_H 1
| #define HAVE_INTTYPES_H 1
| #define HAVE_STDINT_H 1
| #define HAVE_UNISTD_H 1
| #define HAVE_DLFCN_H 1
| /* end confdefs.h.  */
| #include <ac_nonexistent.h>
configure:5678: checking for arm-hisiv500-linux-g77
configure:5708: result: no
configure:5678: checking for arm-hisiv500-linux-xlf
configure:5708: result: no
configure:5678: checking for arm-hisiv500-linux-f77
configure:5708: result: no
configure:5678: checking for arm-hisiv500-linux-frt
configure:5708: result: no
configure:5678: checking for arm-hisiv500-linux-pgf77
configure:5708: result: no
configure:5678: checking for arm-hisiv500-linux-cf77
configure:5708: result: no
configure:5678: checking for arm-hisiv500-linux-fort77
configure:5708: result: no
configure:5678: checking for arm-hisiv500-linux-fl32
configure:5708: result: no
configure:5678: checking for arm-hisiv500-linux-af77
configure:5708: result: no
configure:5678: checking for arm-hisiv500-linux-xlf90
configure:5708: result: no
configure:5678: checking for arm-hisiv500-linux-f90
configure:5708: result: no
configure:5678: checking for arm-hisiv500-linux-pgf90
configure:5708: result: no
configure:5678: checking for arm-hisiv500-linux-pghpf
configure:5708: result: no
configure:5678: checking for arm-hisiv500-linux-epcf90
configure:5708: result: no
configure:5678: checking for arm-hisiv500-linux-gfortran
configure:5708: result: no
configure:5678: checking for arm-hisiv500-linux-g95
configure:5708: result: no
configure:5678: checking for arm-hisiv500-linux-xlf95
configure:5708: result: no
configure:5678: checking for arm-hisiv500-linux-f95
configure:5708: result: no
configure:5678: checking for arm-hisiv500-linux-fort
configure:5708: result: no
configure:5678: checking for arm-hisiv500-linux-ifort
configure:5708: result: no
configure:5678: checking for arm-hisiv500-linux-ifc
configure:5708: result: no
configure:5678: checking for arm-hisiv500-linux-efc
configure:5708: result: no
configure:5678: checking for arm-hisiv500-linux-pgfortran
configure:5708: result: no
configure:5678: checking for arm-hisiv500-linux-pgf95
configure:5708: result: no
configure:5678: checking for arm-hisiv500-linux-lf95
configure:5708: result: no
configure:5678: checking for arm-hisiv500-linux-ftn
configure:5708: result: no
configure:5722: checking for g77
configure:5752: result: no
configure:5722: checking for xlf
configure:5752: result: no
configure:5722: checking for f77
configure:5752: result: no
configure:5722: checking for frt
configure:5752: result: no
configure:5722: checking for pgf77
configure:5752: result: no
configure:5722: checking for cf77
configure:5752: result: no
configure:5722: checking for fort77
configure:5752: result: no
configure:5722: checking for fl32
configure:5752: result: no
configure:5722: checking for af77
configure:5752: result: no
configure:5722: checking for xlf90
configure:5752: result: no
configure:5722: checking for f90
configure:5752: result: no
configure:5722: checking for pgf90
configure:5752: result: no
configure:5722: checking for pghpf
configure:5752: result: no
configure:5722: checking for epcf90
configure:5752: result: no
configure:5722: checking for gfortran
configure:5752: result: no
configure:5722: checking for g95
configure:5752: result: no
configure:5722: checking for xlf95
configure:5752: result: no
configure:5722: checking for f95
configure:5752: result: no
configure:5722: checking for fort
configure:5752: result: no
configure:5722: checking for ifort
configure:5752: result: no
configure:5722: checking for ifc
configure:5752: result: no
configure:5722: checking for efc
configure:5752: result: no
configure:5722: checking for pgfortran
configure:5752: result: no
configure:5722: checking for pgf95
configure:5752: result: no
configure:5722: checking for lf95
configure:5752: result: no
configure:5722: checking for ftn
configure:5752: result: no
configure:5775: checking for Fortran 77 compiler version
configure:5784:  --version >&5
./configure: line 5786: --version: command not found
configure:5795: $? = 127
configure:5784:  -v >&5
./configure: line 5786: -v: command not found
configure:5795: $? = 127
configure:5784:  -V >&5
./configure: line 5786: -V: command not found
configure:5795: $? = 127
configure:5784:  -qversion >&5
./configure: line 5786: -qversion: command not found
configure:5795: $? = 127
configure:5804: checking whether we are using the GNU Fortran 77 compiler
configure:5817:  -c  conftest.F >&5
./configure: line 2115: -c: command not found
configure:5817: $? = 127
configure: failed program was:
|       program main
| #ifndef __GNUC__
|        choke me
| #endif
| 
|       end
configure:5826: result: no
configure:5832: checking whether  accepts -g
configure:5843:  -c -g conftest.f >&5
./configure: line 2115: -c: command not found
configure:5843: $? = 127
configure: failed program was:
|       program main
| 
|       end
configure:5851: result: no
configure:5885: checking the maximum length of command line arguments
configure:5994: result: 32768
configure:6005: checking command to parse /opt/hisi-linux/x86-arm/arm-hisiv500-linux/target/bin/arm-hisiv500-linux-nm -B output from arm-hisiv500-linux-gcc object
configure:6110: arm-hisiv500-linux-gcc -c -g -O2  conftest.c >&5
configure:6113: $? = 0
configure:6117: /opt/hisi-linux/x86-arm/arm-hisiv500-linux/target/bin/arm-hisiv500-linux-nm -B conftest.o \| sed -n -e 's/^.*[ 	]\([ABCDGIRSTW][ABCDGIRSTW]*\)[ 	][ 	]*\([_A-Za-z][_A-Za-z0-9]*\)$/\1 \2 \2/p' \> conftest.nm
configure:6120: $? = 0
configure:6172: arm-hisiv500-linux-gcc -o conftest -g -O2   conftest.c conftstm.o >&5
configure:6175: $? = 0
configure:6213: result: ok
configure:6217: checking for objdir
configure:6232: result: .libs
configure:6284: checking for arm-hisiv500-linux-ar
configure:6300: found /opt/hisi-linux/x86-arm/arm-hisiv500-linux/target/bin/arm-hisiv500-linux-ar
configure:6311: result: arm-hisiv500-linux-ar
configure:6376: checking for arm-hisiv500-linux-ranlib
configure:6392: found /opt/hisi-linux/x86-arm/arm-hisiv500-linux/target/bin/arm-hisiv500-linux-ranlib
configure:6403: result: arm-hisiv500-linux-ranlib
configure:6468: checking for arm-hisiv500-linux-strip
configure:6495: result: arm-hisiv500-linux-strip
configure:6817: checking if arm-hisiv500-linux-gcc supports -fno-rtti -fno-exceptions
configure:6835: arm-hisiv500-linux-gcc -c -g -O2  -fno-rtti -fno-exceptions conftest.c >&5
cc1: warning: command line option '-fno-rtti' is valid for C++/ObjC++ but not for C
configure:6839: $? = 0
configure:6852: result: no
configure:6867: checking for arm-hisiv500-linux-gcc option to produce PIC
configure:7077: result: -fPIC
configure:7085: checking if arm-hisiv500-linux-gcc PIC flag -fPIC works
configure:7103: arm-hisiv500-linux-gcc -c -g -O2  -fPIC -DPIC conftest.c >&5
configure:7107: $? = 0
configure:7120: result: yes
configure:7148: checking if arm-hisiv500-linux-gcc static flag -static works
configure:7176: result: yes
configure:7186: checking if arm-hisiv500-linux-gcc supports -c -o file.o
configure:7207: arm-hisiv500-linux-gcc -c -g -O2  -o out/conftest2.o conftest.c >&5
configure:7211: $? = 0
configure:7233: result: yes
configure:7259: checking whether the arm-hisiv500-linux-gcc linker (/opt/hisi-linux/x86-arm/arm-hisiv500-linux/arm-hisiv500-linux-uclibcgnueabi/bin/ld) supports shared libraries
configure:8169: result: yes
configure:8190: checking whether -lc should be explicitly linked in
configure:8195: arm-hisiv500-linux-gcc -c -g -O2  conftest.c >&5
configure:8198: $? = 0
configure:8213: arm-hisiv500-linux-gcc -shared conftest.o  -v -Wl,-soname -Wl,conftest -o conftest 2\>\&1 \| grep  -lc  \>/dev/null 2\>\&1
configure:8216: $? = 0
configure:8228: result: no
configure:8236: checking dynamic linker characteristics
configure:8836: result: GNU/Linux ld.so
configure:8845: checking how to hardcode library paths into programs
configure:8870: result: immediate
configure:8884: checking whether stripping libraries is possible
configure:8889: result: yes
configure:9405: checking if libtool supports shared libraries
configure:9407: result: yes
configure:9410: checking whether to build shared libraries
configure:9431: result: yes
configure:9434: checking whether to build static libraries
configure:9438: result: yes
configure:9530: creating libtool
configure:10114: checking for ld used by arm-hisiv500-linux-g++
configure:10181: result: /opt/hisi-linux/x86-arm/arm-hisiv500-linux/arm-hisiv500-linux-uclibcgnueabi/bin/ld
configure:10188: checking if the linker (/opt/hisi-linux/x86-arm/arm-hisiv500-linux/arm-hisiv500-linux-uclibcgnueabi/bin/ld) is GNU ld
configure:10203: result: yes
configure:10254: checking whether the arm-hisiv500-linux-g++ linker (/opt/hisi-linux/x86-arm/arm-hisiv500-linux/arm-hisiv500-linux-uclibcgnueabi/bin/ld) supports shared libraries
configure:11134: result: yes
configure:11152: arm-hisiv500-linux-g++ -c -g -O2  conftest.cpp >&5
configure:11155: $? = 0
configure:11274: checking for arm-hisiv500-linux-g++ option to produce PIC
configure:11548: result: -fPIC
configure:11556: checking if arm-hisiv500-linux-g++ PIC flag -fPIC works
configure:11574: arm-hisiv500-linux-g++ -c -g -O2  -fPIC -DPIC conftest.cpp >&5
configure:11578: $? = 0
configure:11591: result: yes
configure:11619: checking if arm-hisiv500-linux-g++ static flag -static works
configure:11647: result: yes
configure:11657: checking if arm-hisiv500-linux-g++ supports -c -o file.o
configure:11678: arm-hisiv500-linux-g++ -c -g -O2  -o out/conftest2.o conftest.cpp >&5
configure:11682: $? = 0
configure:11704: result: yes
configure:11730: checking whether the arm-hisiv500-linux-g++ linker (/opt/hisi-linux/x86-arm/arm-hisiv500-linux/arm-hisiv500-linux-uclibcgnueabi/bin/ld) supports shared libraries
configure:11761: result: yes
configure:11828: checking dynamic linker characteristics
configure:12428: result: GNU/Linux ld.so
configure:12437: checking how to hardcode library paths into programs
configure:12462: result: immediate
configure:18545: checking for ANSI C header files
configure:18649: result: yes
configure:18663: checking for setjmp
configure:18663: arm-hisiv500-linux-gcc -o conftest -g -O2   conftest.c  >&5
configure:18663: $? = 0
configure:18663: result: yes
configure:18674: checking for longjmp
configure:18674: arm-hisiv500-linux-gcc -o conftest -g -O2   conftest.c  >&5
configure:18674: $? = 0
configure:18674: result: yes
configure:18685: checking for strcmp
configure:18685: arm-hisiv500-linux-gcc -o conftest -g -O2   conftest.c  >&5
conftest.c:48:6: warning: conflicting types for built-in function 'strcmp'
 char strcmp ();
      ^
configure:18685: $? = 0
configure:18685: result: yes
configure:18696: checking for strcpy
configure:18696: arm-hisiv500-linux-gcc -o conftest -g -O2   conftest.c  >&5
conftest.c:49:6: warning: conflicting types for built-in function 'strcpy'
 char strcpy ();
      ^
configure:18696: $? = 0
configure:18696: result: yes
configure:18707: checking for memcpy
configure:18707: arm-hisiv500-linux-gcc -o conftest -g -O2   conftest.c  >&5
conftest.c:50:6: warning: conflicting types for built-in function 'memcpy'
 char memcpy ();
      ^
configure:18707: $? = 0
configure:18707: result: yes
configure:18718: checking for memset
configure:18718: arm-hisiv500-linux-gcc -o conftest -g -O2   conftest.c  >&5
conftest.c:51:6: warning: conflicting types for built-in function 'memset'
 char memset ();
      ^
configure:18718: $? = 0
configure:18718: result: yes
configure:18729: checking for malloc
configure:18729: arm-hisiv500-linux-gcc -o conftest -g -O2   conftest.c  >&5
conftest.c:52:6: warning: conflicting types for built-in function 'malloc'
 char malloc ();
      ^
configure:18729: $? = 0
configure:18729: result: yes
configure:18740: checking for calloc
configure:18740: arm-hisiv500-linux-gcc -o conftest -g -O2   conftest.c  >&5
conftest.c:53:6: warning: conflicting types for built-in function 'calloc'
 char calloc ();
      ^
configure:18740: $? = 0
configure:18740: result: yes
configure:18751: checking for free
configure:18751: arm-hisiv500-linux-gcc -o conftest -g -O2   conftest.c  >&5
conftest.c:54:6: warning: conflicting types for built-in function 'free'
 char free ();
      ^
configure:18751: $? = 0
configure:18751: result: yes
configure:18762: checking for exit
configure:18762: arm-hisiv500-linux-gcc -o conftest -g -O2   conftest.c  >&5
conftest.c:55:6: warning: conflicting types for built-in function 'exit'
 char exit ();
      ^
configure:18762: $? = 0
configure:18762: result: yes
configure:18773: checking for signal
configure:18773: arm-hisiv500-linux-gcc -o conftest -g -O2   conftest.c  >&5
configure:18773: $? = 0
configure:18773: result: yes
configure:18784: checking for printf
configure:18784: arm-hisiv500-linux-gcc -o conftest -g -O2   conftest.c  >&5
conftest.c:57:6: warning: conflicting types for built-in function 'printf'
 char printf ();
      ^
configure:18784: $? = 0
configure:18784: result: yes
configure:18795: checking for fprintf
configure:18795: arm-hisiv500-linux-gcc -o conftest -g -O2   conftest.c  >&5
conftest.c:58:6: warning: conflicting types for built-in function 'fprintf'
 char fprintf ();
      ^
configure:18795: $? = 0
configure:18795: result: yes
configure:18806: checking for snprintf
configure:18806: arm-hisiv500-linux-gcc -o conftest -g -O2   conftest.c  >&5
conftest.c:59:6: warning: conflicting types for built-in function 'snprintf'
 char snprintf ();
      ^
configure:18806: $? = 0
configure:18806: result: yes
configure:18817: checking for vsnprintf
configure:18817: arm-hisiv500-linux-gcc -o conftest -g -O2   conftest.c  >&5
conftest.c:60:6: warning: conflicting types for built-in function 'vsnprintf'
 char vsnprintf ();
      ^
configure:18817: $? = 0
configure:18817: result: yes
configure:18828: checking assert.h usability
configure:18828: arm-hisiv500-linux-gcc -c -g -O2  conftest.c >&5
configure:18828: $? = 0
configure:18828: result: yes
configure:18828: checking assert.h presence
configure:18828: arm-hisiv500-linux-gcc -E  conftest.c
configure:18828: $? = 0
configure:18828: result: yes
configure:18828: checking for assert.h
configure:18828: result: yes
configure:18840: checking malloc.h usability
configure:18840: arm-hisiv500-linux-gcc -c -g -O2  conftest.c >&5
configure:18840: $? = 0
configure:18840: result: yes
configure:18840: checking malloc.h presence
configure:18840: arm-hisiv500-linux-gcc -E  conftest.c
configure:18840: $? = 0
configure:18840: result: yes
configure:18840: checking for malloc.h
configure:18840: result: yes
configure:18852: checking setjmp.h usability
configure:18852: arm-hisiv500-linux-gcc -c -g -O2  conftest.c >&5
configure:18852: $? = 0
configure:18852: result: yes
configure:18852: checking setjmp.h presence
configure:18852: arm-hisiv500-linux-gcc -E  conftest.c
configure:18852: $? = 0
configure:18852: result: yes
configure:18852: checking for setjmp.h
configure:18852: result: yes
configure:18864: checking stdarg.h usability
configure:18864: arm-hisiv500-linux-gcc -c -g -O2  conftest.c >&5
configure:18864: $? = 0
configure:18864: result: yes
configure:18864: checking stdarg.h presence
configure:18864: arm-hisiv500-linux-gcc -E  conftest.c
configure:18864: $? = 0
configure:18864: result: yes
configure:18864: checking for stdarg.h
configure:18864: result: yes
configure:18876: checking stddef.h usability
configure:18876: arm-hisiv500-linux-gcc -c -g -O2  conftest.c >&5
configure:18876: $? = 0
configure:18876: result: yes
configure:18876: checking stddef.h presence
configure:18876: arm-hisiv500-linux-gcc -E  conftest.c
configure:18876: $? = 0
configure:18876: result: yes
configure:18876: checking for stddef.h
configure:18876: result: yes
configure:18888: checking stdio.h usability
configure:18888: arm-hisiv500-linux-gcc -c -g -O2  conftest.c >&5
configure:18888: $? = 0
configure:18888: result: yes
configure:18888: checking stdio.h presence
configure:18888: arm-hisiv500-linux-gcc -E  conftest.c
configure:18888: $? = 0
configure:18888: result: yes
configure:18888: checking for stdio.h
configure:18888: result: yes
configure:18900: checking for stdlib.h
configure:18900: result: yes
configure:18912: checking for string.h
configure:18912: result: yes
configure:18924: checking signal.h usability
configure:18924: arm-hisiv500-linux-gcc -c -g -O2  conftest.c >&5
configure:18924: $? = 0
configure:18924: result: yes
configure:18924: checking signal.h presence
configure:18924: arm-hisiv500-linux-gcc -E  conftest.c
configure:18924: $? = 0
configure:18924: result: yes
configure:18924: checking for signal.h
configure:18924: result: yes
configure:18937: checking whether the compiler implements namespaces
configure:18961: arm-hisiv500-linux-g++ -c -g -O2  conftest.cpp >&5
configure:18961: $? = 0
configure:18974: result: yes
configure:18981: checking what namespace STL code is in
configure:19005: arm-hisiv500-linux-g++ -c -g -O2  conftest.cpp >&5
conftest.cpp: In function 'int main()':
conftest.cpp:52:1: error: 'vector' was not declared in this scope
 vector<int> t; return 0;
 ^
conftest.cpp:52:1: note: suggested alternative:
In file included from /opt/hisi-linux/x86-arm/arm-hisiv500-linux/arm-hisiv500-linux-uclibcgnueabi/include/c++/4.9.4/vector:64:0,
                 from conftest.cpp:48:
/opt/hisi-linux/x86-arm/arm-hisiv500-linux/arm-hisiv500-linux-uclibcgnueabi/include/c++/4.9.4/bits/stl_vector.h:214:11: note:   'std::vector'
     class vector : protected _Vector_base<_Tp, _Alloc>
           ^
conftest.cpp:52:8: error: expected primary-expression before 'int'
 vector<int> t; return 0;
        ^
configure:19005: $? = 1
configure: failed program was:
| /* confdefs.h */
| #define PACKAGE_NAME "cmockery"
| #define PACKAGE_TARNAME "cmockery"
| #define PACKAGE_VERSION "0.1.2"
| #define PACKAGE_STRING "cmockery 0.1.2"
| #define PACKAGE_BUGREPORT "opensource@google.com"
| #define PACKAGE_URL ""
| #define PACKAGE "cmockery"
| #define VERSION "0.1.2"
| #define STDC_HEADERS 1
| #define HAVE_SYS_TYPES_H 1
| #define HAVE_SYS_STAT_H 1
| #define HAVE_STDLIB_H 1
| #define HAVE_STRING_H 1
| #define HAVE_MEMORY_H 1
| #define HAVE_STRINGS_H 1
| #define HAVE_INTTYPES_H 1
| #define HAVE_STDINT_H 1
| #define HAVE_UNISTD_H 1
| #define HAVE_DLFCN_H 1
| #define STDC_HEADERS 1
| #define HAVE_SETJMP 1
| #define HAVE_LONGJMP 1
| #define HAVE_STRCMP 1
| #define HAVE_STRCPY 1
| #define HAVE_MEMCPY 1
| #define HAVE_MEMSET 1
| #define HAVE_MALLOC 1
| #define HAVE_CALLOC 1
| #define HAVE_FREE 1
| #define HAVE_EXIT 1
| #define HAVE_SIGNAL 1
| #define HAVE_PRINTF 1
| #define HAVE_FPRINTF 1
| #define HAVE_SNPRINTF 1
| #define HAVE_VSNPRINTF 1
| #define HAVE_ASSERT_H 1
| #define HAVE_MALLOC_H 1
| #define HAVE_SETJMP_H 1
| #define HAVE_STDARG_H 1
| #define HAVE_STDDEF_H 1
| #define HAVE_STDIO_H 1
| #define HAVE_STDLIB_H 1
| #define HAVE_STRING_H 1
| #define HAVE_SIGNAL_H 1
| #define HAVE_NAMESPACES 1
| /* end confdefs.h.  */
| #include <vector>
| int
| main ()
| {
| vector<int> t; return 0;
|   ;
|   return 0;
| }
configure:19020: arm-hisiv500-linux-g++ -c -g -O2  conftest.cpp >&5
configure:19020: $? = 0
configure:19031: result: std
configure:19217: creating ./config.status

## ---------------- ##
## Cache variables. ##
## ---------------- ##

ac_cv_build=x86_64-unknown-linux-gnu
ac_cv_c_compiler_gnu=yes
ac_cv_cxx_compiler_gnu=yes
ac_cv_cxx_namespaces=yes
ac_cv_cxx_stl_namespace=std
ac_cv_env_CCC_set=
ac_cv_env_CCC_value=
ac_cv_env_CC_set=
ac_cv_env_CC_value=
ac_cv_env_CFLAGS_set=
ac_cv_env_CFLAGS_value=
ac_cv_env_CPPFLAGS_set=
ac_cv_env_CPPFLAGS_value=
ac_cv_env_CPP_set=
ac_cv_env_CPP_value=
ac_cv_env_CXXCPP_set=
ac_cv_env_CXXCPP_value=
ac_cv_env_CXXFLAGS_set=
ac_cv_env_CXXFLAGS_value=
ac_cv_env_CXX_set=
ac_cv_env_CXX_value=
ac_cv_env_F77_set=
ac_cv_env_F77_value=
ac_cv_env_FFLAGS_set=
ac_cv_env_FFLAGS_value=
ac_cv_env_LDFLAGS_set=
ac_cv_env_LDFLAGS_value=
ac_cv_env_LIBS_set=
ac_cv_env_LIBS_value=
ac_cv_env_build_alias_set=
ac_cv_env_build_alias_value=
ac_cv_env_host_alias_set=set
ac_cv_env_host_alias_value=arm-hisiv500-linux
ac_cv_env_target_alias_set=
ac_cv_env_target_alias_value=
ac_cv_f77_compiler_gnu=no
ac_cv_func_calloc=yes
ac_cv_func_exit=yes
ac_cv_func_fprintf=yes
ac_cv_func_free=yes
ac_cv_func_longjmp=yes
ac_cv_func_malloc=yes
ac_cv_func_memcpy=yes
ac_cv_func_memset=yes
ac_cv_func_printf=yes
ac_cv_func_setjmp=yes
ac_cv_func_signal=yes
ac_cv_func_snprintf=yes
ac_cv_func_strcmp=yes
ac_cv_func_strcpy=yes
ac_cv_func_vsnprintf=yes
ac_cv_header_assert_h=yes
ac_cv_header_dlfcn_h=yes
ac_cv_header_inttypes_h=yes
ac_cv_header_malloc_h=yes
ac_cv_header_memory_h=yes
ac_cv_header_setjmp_h=yes
ac_cv_header_signal_h=yes
ac_cv_header_stdarg_h=yes
ac_cv_header_stdc=yes
ac_cv_header_stddef_h=yes
ac_cv_header_stdint_h=yes
ac_cv_header_stdio_h=yes
ac_cv_header_stdlib_h=yes
ac_cv_header_string_h=yes
ac_cv_header_strings_h=yes
ac_cv_header_sys_stat_h=yes
ac_cv_header_sys_types_h=yes
ac_cv_header_unistd_h=yes
ac_cv_host=arm-hisiv500-linux-gnu
ac_cv_objext=o
ac_cv_path_EGREP='/bin/grep -E'
ac_cv_path_GREP=/bin/grep
ac_cv_path_install='/usr/bin/install -c'
ac_cv_prog_AR=arm-hisiv500-linux-ar
ac_cv_prog_AWK=gawk
ac_cv_prog_CC=arm-hisiv500-linux-gcc
ac_cv_prog_CPP='arm-hisiv500-linux-gcc -E'
ac_cv_prog_CXX=arm-hisiv500-linux-g++
ac_cv_prog_CXXCPP='arm-hisiv500-linux-g++ -E'
ac_cv_prog_RANLIB=arm-hisiv500-linux-ranlib
ac_cv_prog_STRIP=arm-hisiv500-linux-strip
ac_cv_prog_cc_c89=
ac_cv_prog_cc_g=yes
ac_cv_prog_cxx_g=yes
ac_cv_prog_f77_g=no
ac_cv_prog_make_make_set=yes
am_cv_CC_dependencies_compiler_type=gcc3
am_cv_CXX_dependencies_compiler_type=gcc3
lt_cv_deplibs_check_method=pass_all
lt_cv_file_magic_cmd='$MAGIC_CMD'
lt_cv_file_magic_test_file=
lt_cv_ld_reload_flag=-r
lt_cv_objdir=.libs
lt_cv_path_LD=/opt/hisi-linux/x86-arm/arm-hisiv500-linux/arm-hisiv500-linux-uclibcgnueabi/bin/ld
lt_cv_path_LDCXX=/opt/hisi-linux/x86-arm/arm-hisiv500-linux/arm-hisiv500-linux-uclibcgnueabi/bin/ld
lt_cv_path_NM='/opt/hisi-linux/x86-arm/arm-hisiv500-linux/target/bin/arm-hisiv500-linux-nm -B'
lt_cv_path_SED=/bin/sed
lt_cv_prog_compiler_c_o=yes
lt_cv_prog_compiler_c_o_CXX=yes
lt_cv_prog_compiler_rtti_exceptions=no
lt_cv_prog_gnu_ld=yes
lt_cv_prog_gnu_ldcxx=yes
lt_cv_sys_global_symbol_pipe='sed -n -e '\''s/^.*[ 	]\([ABCDGIRSTW][ABCDGIRSTW]*\)[ 	][ 	]*\([_A-Za-z][_A-Za-z0-9]*\)$/\1 \2 \2/p'\'''
lt_cv_sys_global_symbol_to_c_name_address='sed -n -e '\''s/^: \([^ ]*\) $/  {\"\1\", (lt_ptr) 0},/p'\'' -e '\''s/^[BCDEGRST] \([^ ]*\) \([^ ]*\)$/  {"\2", (lt_ptr) \&\2},/p'\'''
lt_cv_sys_global_symbol_to_cdecl='sed -n -e '\''s/^. .* \(.*\)$/extern int \1;/p'\'''
lt_cv_sys_max_cmd_len=32768
lt_lt_cv_prog_compiler_c_o='"yes"'
lt_lt_cv_prog_compiler_c_o_CXX='"yes"'
lt_lt_cv_sys_global_symbol_pipe='"sed -n -e '\''s/^.*[ 	]\\([ABCDGIRSTW][ABCDGIRSTW]*\\)[ 	][ 	]*\\([_A-Za-z][_A-Za-z0-9]*\\)\$/\\1 \\2 \\2/p'\''"'
lt_lt_cv_sys_global_symbol_to_c_name_address='"sed -n -e '\''s/^: \\([^ ]*\\) \$/  {\\\"\\1\\\", (lt_ptr) 0},/p'\'' -e '\''s/^[BCDEGRST] \\([^ ]*\\) \\([^ ]*\\)\$/  {\"\\2\", (lt_ptr) \\&\\2},/p'\''"'
lt_lt_cv_sys_global_symbol_to_cdecl='"sed -n -e '\''s/^. .* \\(.*\\)\$/extern int \\1;/p'\''"'

## ----------------- ##
## Output variables. ##
## ----------------- ##

ACLOCAL='${SHELL} /home/tangshishan/ipc/ipc/hisi3516cv500/Hi3516CV500_SDK_V2.0.1.1/smp/a7_linux/mpp/sample/proxy_gateway_with_box/cmockery/missing --run aclocal-1.9'
AMDEPBACKSLASH='\'
AMDEP_FALSE='#'
AMDEP_TRUE=''
AMTAR='${SHELL} /home/tangshishan/ipc/ipc/hisi3516cv500/Hi3516CV500_SDK_V2.0.1.1/smp/a7_linux/mpp/sample/proxy_gateway_with_box/cmockery/missing --run tar'
AR='arm-hisiv500-linux-ar'
AUTOCONF='${SHELL} /home/tangshishan/ipc/ipc/hisi3516cv500/Hi3516CV500_SDK_V2.0.1.1/smp/a7_linux/mpp/sample/proxy_gateway_with_box/cmockery/missing --run autoconf'
AUTOHEADER='${SHELL} /home/tangshishan/ipc/ipc/hisi3516cv500/Hi3516CV500_SDK_V2.0.1.1/smp/a7_linux/mpp/sample/proxy_gateway_with_box/cmockery/missing --run autoheader'
AUTOMAKE='${SHELL} /home/tangshishan/ipc/ipc/hisi3516cv500/Hi3516CV500_SDK_V2.0.1.1/smp/a7_linux/mpp/sample/proxy_gateway_with_box/cmockery/missing --run automake-1.9'
AWK='gawk'
CC='arm-hisiv500-linux-gcc'
CCDEPMODE='depmode=gcc3'
CFLAGS='-g -O2'
CPP='arm-hisiv500-linux-gcc -E'
CPPFLAGS=''
CXX='arm-hisiv500-linux-g++'
CXXCPP='arm-hisiv500-linux-g++ -E'
CXXDEPMODE='depmode=gcc3'
CXXFLAGS='-g -O2'
CYGPATH_W='echo'
DEFS='-DHAVE_CONFIG_H'
DEPDIR='.deps'
ECHO='echo'
ECHO_C=''
ECHO_N='-n'
ECHO_T=''
EGREP='/bin/grep -E'
EXEEXT=''
F77=''
FFLAGS=''
GCC_FALSE='#'
GCC_TRUE=''
GREP='/bin/grep'
INSTALL_DATA='${INSTALL} -m 644'
INSTALL_PROGRAM='${INSTALL}'
INSTALL_SCRIPT='${INSTALL}'
INSTALL_STRIP_PROGRAM='${SHELL} $(install_sh) -c -s'
LDFLAGS=''
LIBOBJS=''
LIBS=''
LIBTOOL='$(SHELL) $(top_builddir)/libtool'
LIBTOOL_DEPS='./ltmain.sh'
LN_S='ln -s'
LTLIBOBJS=''
MAKEINFO='${SHELL} /home/tangshishan/ipc/ipc/hisi3516cv500/Hi3516CV500_SDK_V2.0.1.1/smp/a7_linux/mpp/sample/proxy_gateway_with_box/cmockery/missing --run makeinfo'
OBJEXT='o'
PACKAGE='cmockery'
PACKAGE_BUGREPORT='opensource@google.com'
PACKAGE_NAME='cmockery'
PACKAGE_STRING='cmockery 0.1.2'
PACKAGE_TARNAME='cmockery'
PACKAGE_URL=''
PACKAGE_VERSION='0.1.2'
PATH_SEPARATOR=':'
RANLIB='arm-hisiv500-linux-ranlib'
SET_MAKE=''
SHELL='/bin/sh'
STRIP='arm-hisiv500-linux-strip'
VERSION='0.1.2'
ac_ct_CC=''
ac_ct_CXX=''
ac_ct_F77=''
am__fastdepCC_FALSE='#'
am__fastdepCC_TRUE=''
am__fastdepCXX_FALSE='#'
am__fastdepCXX_TRUE=''
am__include='include'
am__leading_dot='.'
am__quote=''
am__tar='${AMTAR} chof - "$$tardir"'
am__untar='${AMTAR} xf -'
bindir='${exec_prefix}/bin'
build='x86_64-unknown-linux-gnu'
build_alias=''
build_cpu='x86_64'
build_os='linux-gnu'
build_vendor='unknown'
datadir='${datarootdir}'
datarootdir='${prefix}/share'
docdir='${datarootdir}/doc/${PACKAGE_TARNAME}'
dvidir='${docdir}'
exec_prefix='${prefix}'
host='arm-hisiv500-linux-gnu'
host_alias='arm-hisiv500-linux'
host_cpu='arm'
host_os='linux-gnu'
host_vendor='hisiv500'
htmldir='${docdir}'
includedir='${prefix}/include'
infodir='${datarootdir}/info'
install_sh='/home/tangshishan/ipc/ipc/hisi3516cv500/Hi3516CV500_SDK_V2.0.1.1/smp/a7_linux/mpp/sample/proxy_gateway_with_box/cmockery/install-sh'
libdir='${exec_prefix}/lib'
libexecdir='${exec_prefix}/libexec'
localedir='${datarootdir}/locale'
localstatedir='${prefix}/var'
mandir='${datarootdir}/man'
mkdir_p='mkdir -p --'
oldincludedir='/usr/include'
pdfdir='${docdir}'
prefix='/usr/local'
program_transform_name='s,x,x,'
psdir='${docdir}'
sbindir='${exec_prefix}/sbin'
sharedstatedir='${prefix}/com'
sysconfdir='${prefix}/etc'
target_alias=''

## ----------- ##
## confdefs.h. ##
## ----------- ##

/* confdefs.h */
#define PACKAGE_NAME "cmockery"
#define PACKAGE_TARNAME "cmockery"
#define PACKAGE_VERSION "0.1.2"
#define PACKAGE_STRING "cmockery 0.1.2"
#define PACKAGE_BUGREPORT "opensource@google.com"
#define PACKAGE_URL ""
#define PACKAGE "cmockery"
#define VERSION "0.1.2"
#define STDC_HEADERS 1
#define HAVE_SYS_TYPES_H 1
#define HAVE_SYS_STAT_H 1
#define HAVE_STDLIB_H 1
#define HAVE_STRING_H 1
#define HAVE_MEMORY_H 1
#define HAVE_STRINGS_H 1
#define HAVE_INTTYPES_H 1
#define HAVE_STDINT_H 1
#define HAVE_UNISTD_H 1
#define HAVE_DLFCN_H 1
#define STDC_HEADERS 1
#define HAVE_SETJMP 1
#define HAVE_LONGJMP 1
#define HAVE_STRCMP 1
#define HAVE_STRCPY 1
#define HAVE_MEMCPY 1
#define HAVE_MEMSET 1
#define HAVE_MALLOC 1
#define HAVE_CALLOC 1
#define HAVE_FREE 1
#define HAVE_EXIT 1
#define HAVE_SIGNAL 1
#define HAVE_PRINTF 1
#define HAVE_FPRINTF 1
#define HAVE_SNPRINTF 1
#define HAVE_VSNPRINTF 1
#define HAVE_ASSERT_H 1
#define HAVE_MALLOC_H 1
#define HAVE_SETJMP_H 1
#define HAVE_STDARG_H 1
#define HAVE_STDDEF_H 1
#define HAVE_STDIO_H 1
#define HAVE_STDLIB_H 1
#define HAVE_STRING_H 1
#define HAVE_SIGNAL_H 1
#define HAVE_NAMESPACES 1
#define STL_NAMESPACE std
#define GOOGLE_NAMESPACE ::google
#define _START_GOOGLE_NAMESPACE_ namespace google {
#define _END_GOOGLE_NAMESPACE_ }

configure: exit 0

## ---------------------- ##
## Running config.status. ##
## ---------------------- ##

This file was extended by cmockery config.status 0.1.2, which was
generated by GNU Autoconf 2.68.  Invocation command line was

  CONFIG_FILES    = 
  CONFIG_HEADERS  = 
  CONFIG_LINKS    = 
  CONFIG_COMMANDS = 
  $ ./config.status 

on horzon-dev3

config.status:916: creating Makefile
config.status:1019: WARNING:  'Makefile.in' seems to ignore the --datarootdir setting
config.status:916: creating src/config.h
config.status:1138: executing depfiles commands
